This file contains any messages produced by compilers while
running configure, to aid debugging if configure makes a mistake.

It was created by configure, which was
generated by GNU Autoconf 2.69.  Invocation command line was

  $ /home/zonca/zonca/p/software/healpy/cfitsio/configure --prefix=/home/zonca/zonca/p/software/healpy/build/temp.linux-x86_64-3.7 --disable-shared --with-pic --disable-maintainer-mode

## --------- ##
## Platform. ##
## --------- ##

hostname = nebula.sdsc.edu
uname -m = x86_64
uname -r = 4.4.0-170-generic
uname -s = Linux
uname -v = #199-Ubuntu SMP Thu Nov 14 01:45:04 UTC 2019

/usr/bin/uname -p = unknown
/bin/uname -X     = unknown

/bin/arch              = unknown
/usr/bin/arch -k       = unknown
/usr/convex/getsysinfo = unknown
/usr/bin/hostinfo      = unknown
/bin/machine           = unknown
/usr/bin/oslevel       = unknown
/bin/universe          = unknown

PATH: /home/zonca/zonca/p/software/healpy/healpyvenv/bin
PATH: /home/zonca/.pyenv/plugins/pyenv-virtualenv/shims
PATH: /home/zonca/.pyenv/shims
PATH: /home/zonca/.pyenv/bin
PATH: /home/zonca/.poetry/bin
PATH: /home/zonca/anaconda/bin
PATH: /home/zonca/anaconda/condabin
PATH: /usr/local/sbin
PATH: /usr/local/bin
PATH: /usr/sbin
PATH: /usr/bin
PATH: /sbin
PATH: /bin
PATH: /usr/games
PATH: /usr/local/games
PATH: /home/zonca/go/bin
PATH: /snap/bin
PATH: /home/zonca/go/bin
PATH: /home/zonca/.local/bin
PATH: /home/zonca/bin
PATH: /home/zonca/go/bin


## ----------- ##
## Core tests. ##
## ----------- ##

configure:2181: checking build system type
configure:2195: result: x86_64-pc-linux-gnu
configure:2215: checking host system type
configure:2228: result: x86_64-pc-linux-gnu
configure:2248: checking target system type
configure:2261: result: x86_64-pc-linux-gnu
configure:2399: checking for gcc
configure:2426: result: x86_64-linux-gnu-gcc -pthread
configure:2655: checking for C compiler version
configure:2664: x86_64-linux-gnu-gcc -pthread --version >&5
x86_64-linux-gnu-gcc (Ubuntu 5.5.0-12ubuntu1~16.04) 5.5.0 20171010
Copyright (C) 2015 Free Software Foundation, Inc.
This is free software; see the source for copying conditions.  There is NO
warranty; not even for MERCHANTABILITY or FITNESS FOR A PARTICULAR PURPOSE.

configure:2675: $? = 0
configure:2664: x86_64-linux-gnu-gcc -pthread -v >&5
Using built-in specs.
COLLECT_GCC=x86_64-linux-gnu-gcc
COLLECT_LTO_WRAPPER=/usr/lib/gcc/x86_64-linux-gnu/5/lto-wrapper
Target: x86_64-linux-gnu
Configured with: ../src/configure -v --with-pkgversion='Ubuntu 5.5.0-12ubuntu1~16.04' --with-bugurl=file:///usr/share/doc/gcc-5/README.Bugs --enable-languages=c,ada,c++,java,go,d,fortran,objc,obj-c++ --prefix=/usr --program-suffix=-5 --enable-shared --enable-linker-build-id --libexecdir=/usr/lib --without-included-gettext --enable-threads=posix --libdir=/usr/lib --enable-nls --with-sysroot=/ --enable-clocale=gnu --enable-libstdcxx-debug --enable-libstdcxx-time=yes --with-default-libstdcxx-abi=new --enable-gnu-unique-object --disable-vtable-verify --enable-libmpx --enable-plugin --with-system-zlib --disable-browser-plugin --enable-java-awt=gtk --enable-gtk-cairo --with-java-home=/usr/lib/jvm/java-1.5.0-gcj-5-amd64/jre --enable-java-home --with-jvm-root-dir=/usr/lib/jvm/java-1.5.0-gcj-5-amd64 --with-jvm-jar-dir=/usr/lib/jvm-exports/java-1.5.0-gcj-5-amd64 --with-arch-directory=amd64 --with-ecj-jar=/usr/share/java/eclipse-ecj.jar --enable-objc-gc --enable-multiarch --disable-werror --with-arch-32=i686 --with-abi=m64 --with-multilib-list=m32,m64,mx32 --enable-multilib --with-tune=generic --enable-checking=release --build=x86_64-linux-gnu --host=x86_64-linux-gnu --target=x86_64-linux-gnu
Thread model: posix
gcc version 5.5.0 20171010 (Ubuntu 5.5.0-12ubuntu1~16.04) 
configure:2675: $? = 0
configure:2664: x86_64-linux-gnu-gcc -pthread -V >&5
x86_64-linux-gnu-gcc: error: unrecognized command line option '-V'
x86_64-linux-gnu-gcc: fatal error: no input files
compilation terminated.
configure:2675: $? = 1
configure:2664: x86_64-linux-gnu-gcc -pthread -qversion >&5
x86_64-linux-gnu-gcc: error: unrecognized command line option '-qversion'
x86_64-linux-gnu-gcc: fatal error: no input files
compilation terminated.
configure:2675: $? = 1
configure:2695: checking whether the C compiler works
configure:2717: x86_64-linux-gnu-gcc -pthread -Wno-unused-result -Wsign-compare -DNDEBUG -g -fwrapv -O2 -Wall -g -fstack-protector-strong -Wformat -Werror=format-security   conftest.c  >&5
configure:2721: $? = 0
configure:2769: result: yes
configure:2772: checking for C compiler default output file name
configure:2774: result: a.out
configure:2780: checking for suffix of executables
configure:2787: x86_64-linux-gnu-gcc -pthread -o conftest -Wno-unused-result -Wsign-compare -DNDEBUG -g -fwrapv -O2 -Wall -g -fstack-protector-strong -Wformat -Werror=format-security   conftest.c  >&5
configure:2791: $? = 0
configure:2813: result: 
configure:2835: checking whether we are cross compiling
configure:2843: x86_64-linux-gnu-gcc -pthread -o conftest -Wno-unused-result -Wsign-compare -DNDEBUG -g -fwrapv -O2 -Wall -g -fstack-protector-strong -Wformat -Werror=format-security   conftest.c  >&5
configure:2847: $? = 0
configure:2854: ./conftest
configure:2858: $? = 0
configure:2873: result: no
configure:2878: checking for suffix of object files
configure:2900: x86_64-linux-gnu-gcc -pthread -c -Wno-unused-result -Wsign-compare -DNDEBUG -g -fwrapv -O2 -Wall -g -fstack-protector-strong -Wformat -Werror=format-security  conftest.c >&5
configure:2904: $? = 0
configure:2925: result: o
configure:2929: checking whether we are using the GNU C compiler
configure:2948: x86_64-linux-gnu-gcc -pthread -c -Wno-unused-result -Wsign-compare -DNDEBUG -g -fwrapv -O2 -Wall -g -fstack-protector-strong -Wformat -Werror=format-security  conftest.c >&5
configure:2948: $? = 0
configure:2957: result: yes
configure:2966: checking whether x86_64-linux-gnu-gcc -pthread accepts -g
configure:2986: x86_64-linux-gnu-gcc -pthread -c -g  conftest.c >&5
configure:2986: $? = 0
configure:3027: result: yes
configure:3044: checking for x86_64-linux-gnu-gcc -pthread option to accept ISO C89
configure:3107: x86_64-linux-gnu-gcc -pthread  -c -Wno-unused-result -Wsign-compare -DNDEBUG -g -fwrapv -O2 -Wall -g -fstack-protector-strong -Wformat -Werror=format-security  conftest.c >&5
configure:3107: $? = 0
configure:3120: result: none needed
configure:3146: checking how to run the C preprocessor
configure:3177: x86_64-linux-gnu-gcc -pthread -E  conftest.c
configure:3177: $? = 0
configure:3191: x86_64-linux-gnu-gcc -pthread -E  conftest.c
conftest.c:9:28: fatal error: ac_nonexistent.h: No such file or directory
compilation terminated.
configure:3191: $? = 1
configure: failed program was:
| /* confdefs.h */
| #define PACKAGE_NAME ""
| #define PACKAGE_TARNAME ""
| #define PACKAGE_VERSION ""
| #define PACKAGE_STRING ""
| #define PACKAGE_BUGREPORT ""
| #define PACKAGE_URL ""
| /* end confdefs.h.  */
| #include <ac_nonexistent.h>
configure:3216: result: x86_64-linux-gnu-gcc -pthread -E
configure:3236: x86_64-linux-gnu-gcc -pthread -E  conftest.c
configure:3236: $? = 0
configure:3250: x86_64-linux-gnu-gcc -pthread -E  conftest.c
conftest.c:9:28: fatal error: ac_nonexistent.h: No such file or directory
compilation terminated.
configure:3250: $? = 1
configure: failed program was:
| /* confdefs.h */
| #define PACKAGE_NAME ""
| #define PACKAGE_TARNAME ""
| #define PACKAGE_VERSION ""
| #define PACKAGE_STRING ""
| #define PACKAGE_BUGREPORT ""
| #define PACKAGE_URL ""
| /* end confdefs.h.  */
| #include <ac_nonexistent.h>
configure:3279: checking for grep that handles long lines and -e
configure:3337: result: /bin/grep
configure:3342: checking for egrep
configure:3404: result: /bin/grep -E
configure:3409: checking for ANSI C header files
configure:3429: x86_64-linux-gnu-gcc -pthread -c -Wno-unused-result -Wsign-compare -DNDEBUG -g -fwrapv -O2 -Wall -g -fstack-protector-strong -Wformat -Werror=format-security  conftest.c >&5
configure:3429: $? = 0
configure:3502: x86_64-linux-gnu-gcc -pthread -o conftest -Wno-unused-result -Wsign-compare -DNDEBUG -g -fwrapv -O2 -Wall -g -fstack-protector-strong -Wformat -Werror=format-security   conftest.c  >&5
configure:3502: $? = 0
configure:3502: ./conftest
configure:3502: $? = 0
configure:3513: result: yes
configure:3526: checking for sys/types.h
configure:3526: x86_64-linux-gnu-gcc -pthread -c -Wno-unused-result -Wsign-compare -DNDEBUG -g -fwrapv -O2 -Wall -g -fstack-protector-strong -Wformat -Werror=format-security  conftest.c >&5
configure:3526: $? = 0
configure:3526: result: yes
configure:3526: checking for sys/stat.h
configure:3526: x86_64-linux-gnu-gcc -pthread -c -Wno-unused-result -Wsign-compare -DNDEBUG -g -fwrapv -O2 -Wall -g -fstack-protector-strong -Wformat -Werror=format-security  conftest.c >&5
configure:3526: $? = 0
configure:3526: result: yes
configure:3526: checking for stdlib.h
configure:3526: x86_64-linux-gnu-gcc -pthread -c -Wno-unused-result -Wsign-compare -DNDEBUG -g -fwrapv -O2 -Wall -g -fstack-protector-strong -Wformat -Werror=format-security  conftest.c >&5
configure:3526: $? = 0
configure:3526: result: yes
configure:3526: checking for string.h
configure:3526: x86_64-linux-gnu-gcc -pthread -c -Wno-unused-result -Wsign-compare -DNDEBUG -g -fwrapv -O2 -Wall -g -fstack-protector-strong -Wformat -Werror=format-security  conftest.c >&5
configure:3526: $? = 0
configure:3526: result: yes
configure:3526: checking for memory.h
configure:3526: x86_64-linux-gnu-gcc -pthread -c -Wno-unused-result -Wsign-compare -DNDEBUG -g -fwrapv -O2 -Wall -g -fstack-protector-strong -Wformat -Werror=format-security  conftest.c >&5
configure:3526: $? = 0
configure:3526: result: yes
configure:3526: checking for strings.h
configure:3526: x86_64-linux-gnu-gcc -pthread -c -Wno-unused-result -Wsign-compare -DNDEBUG -g -fwrapv -O2 -Wall -g -fstack-protector-strong -Wformat -Werror=format-security  conftest.c >&5
configure:3526: $? = 0
configure:3526: result: yes
configure:3526: checking for inttypes.h
configure:3526: x86_64-linux-gnu-gcc -pthread -c -Wno-unused-result -Wsign-compare -DNDEBUG -g -fwrapv -O2 -Wall -g -fstack-protector-strong -Wformat -Werror=format-security  conftest.c >&5
configure:3526: $? = 0
configure:3526: result: yes
configure:3526: checking for stdint.h
configure:3526: x86_64-linux-gnu-gcc -pthread -c -Wno-unused-result -Wsign-compare -DNDEBUG -g -fwrapv -O2 -Wall -g -fstack-protector-strong -Wformat -Werror=format-security  conftest.c >&5
configure:3526: $? = 0
configure:3526: result: yes
configure:3526: checking for unistd.h
configure:3526: x86_64-linux-gnu-gcc -pthread -c -Wno-unused-result -Wsign-compare -DNDEBUG -g -fwrapv -O2 -Wall -g -fstack-protector-strong -Wformat -Werror=format-security  conftest.c >&5
configure:3526: $? = 0
configure:3526: result: yes
configure:3810: checking for gcc
configure:3837: result: x86_64-linux-gnu-gcc -pthread
configure:4066: checking for C compiler version
configure:4075: x86_64-linux-gnu-gcc -pthread --version >&5
x86_64-linux-gnu-gcc (Ubuntu 5.5.0-12ubuntu1~16.04) 5.5.0 20171010
Copyright (C) 2015 Free Software Foundation, Inc.
This is free software; see the source for copying conditions.  There is NO
warranty; not even for MERCHANTABILITY or FITNESS FOR A PARTICULAR PURPOSE.

configure:4086: $? = 0
configure:4075: x86_64-linux-gnu-gcc -pthread -v >&5
Using built-in specs.
COLLECT_GCC=x86_64-linux-gnu-gcc
COLLECT_LTO_WRAPPER=/usr/lib/gcc/x86_64-linux-gnu/5/lto-wrapper
Target: x86_64-linux-gnu
Configured with: ../src/configure -v --with-pkgversion='Ubuntu 5.5.0-12ubuntu1~16.04' --with-bugurl=file:///usr/share/doc/gcc-5/README.Bugs --enable-languages=c,ada,c++,java,go,d,fortran,objc,obj-c++ --prefix=/usr --program-suffix=-5 --enable-shared --enable-linker-build-id --libexecdir=/usr/lib --without-included-gettext --enable-threads=posix --libdir=/usr/lib --enable-nls --with-sysroot=/ --enable-clocale=gnu --enable-libstdcxx-debug --enable-libstdcxx-time=yes --with-default-libstdcxx-abi=new --enable-gnu-unique-object --disable-vtable-verify --enable-libmpx --enable-plugin --with-system-zlib --disable-browser-plugin --enable-java-awt=gtk --enable-gtk-cairo --with-java-home=/usr/lib/jvm/java-1.5.0-gcj-5-amd64/jre --enable-java-home --with-jvm-root-dir=/usr/lib/jvm/java-1.5.0-gcj-5-amd64 --with-jvm-jar-dir=/usr/lib/jvm-exports/java-1.5.0-gcj-5-amd64 --with-arch-directory=amd64 --with-ecj-jar=/usr/share/java/eclipse-ecj.jar --enable-objc-gc --enable-multiarch --disable-werror --with-arch-32=i686 --with-abi=m64 --with-multilib-list=m32,m64,mx32 --enable-multilib --with-tune=generic --enable-checking=release --build=x86_64-linux-gnu --host=x86_64-linux-gnu --target=x86_64-linux-gnu
Thread model: posix
gcc version 5.5.0 20171010 (Ubuntu 5.5.0-12ubuntu1~16.04) 
configure:4086: $? = 0
configure:4075: x86_64-linux-gnu-gcc -pthread -V >&5
x86_64-linux-gnu-gcc: error: unrecognized command line option '-V'
x86_64-linux-gnu-gcc: fatal error: no input files
compilation terminated.
configure:4086: $? = 1
configure:4075: x86_64-linux-gnu-gcc -pthread -qversion >&5
x86_64-linux-gnu-gcc: error: unrecognized command line option '-qversion'
x86_64-linux-gnu-gcc: fatal error: no input files
compilation terminated.
configure:4086: $? = 1
configure:4090: checking whether we are using the GNU C compiler
configure:4118: result: yes
configure:4127: checking whether x86_64-linux-gnu-gcc -pthread accepts -g
configure:4188: result: yes
configure:4205: checking for x86_64-linux-gnu-gcc -pthread option to accept ISO C89
configure:4281: result: none needed
configure:4316: checking for gfortran
configure:4332: found /usr/bin/gfortran
configure:4343: result: gfortran
configure:4388: checking for ar
configure:4404: found /usr/bin/ar
configure:4416: result: ar
configure:4473: checking for ranlib
configure:4489: found /usr/bin/ranlib
configure:4500: result: ranlib
configure:4526: checking for stdlib.h
configure:4526: result: yes
configure:4526: checking for string.h
configure:4526: result: yes
configure:4526: checking math.h usability
configure:4526: x86_64-linux-gnu-gcc -pthread -c -Wno-unused-result -Wsign-compare -DNDEBUG -g -fwrapv -O2 -Wall -g -fstack-protector-strong -Wformat -Werror=format-security  conftest.c >&5
configure:4526: $? = 0
configure:4526: result: yes
configure:4526: checking math.h presence
configure:4526: x86_64-linux-gnu-gcc -pthread -E  conftest.c
configure:4526: $? = 0
configure:4526: result: yes
configure:4526: checking for math.h
configure:4526: result: yes
configure:4526: checking limits.h usability
configure:4526: x86_64-linux-gnu-gcc -pthread -c -Wno-unused-result -Wsign-compare -DNDEBUG -g -fwrapv -O2 -Wall -g -fstack-protector-strong -Wformat -Werror=format-security  conftest.c >&5
configure:4526: $? = 0
configure:4526: result: yes
configure:4526: checking limits.h presence
configure:4526: x86_64-linux-gnu-gcc -pthread -E  conftest.c
configure:4526: $? = 0
configure:4526: result: yes
configure:4526: checking for limits.h
configure:4526: result: yes
configure:4549: x86_64-linux-gnu-gcc -pthread -c -Wno-unused-result -Wsign-compare -DNDEBUG -g -fwrapv -O2 -Wall -g -fstack-protector-strong -Wformat -Werror=format-security  conftest.c >&5
configure:4549: $? = 0
configure:4877: checking for curl-config
configure:4893: found /home/zonca/anaconda/bin/curl-config
configure:4904: result: curl-config
configure:4962: checking whether ftruncate works
configure:4978: x86_64-linux-gnu-gcc -pthread -o conftest -I/home/zonca/anaconda/include -Wno-unused-result -Wsign-compare -DNDEBUG -g -fwrapv -O2 -Wall -g -fstack-protector-strong -Wformat -Werror=format-security -Dg77Fortran -fPIC  -Wno-unused-result -Wsign-compare -DNDEBUG -g -fwrapv -O2 -Wall -g -fstack-protector-strong -Wformat -Werror=format-security conftest.c  >&5
configure:4978: $? = 0
configure:4982: result: yes
configure:4996: checking whether long long is defined
configure:5012: x86_64-linux-gnu-gcc -pthread -c -I/home/zonca/anaconda/include -Wno-unused-result -Wsign-compare -DNDEBUG -g -fwrapv -O2 -Wall -g -fstack-protector-strong -Wformat -Werror=format-security -Dg77Fortran -fPIC  conftest.c >&5
conftest.c: In function 'main':
conftest.c:33:11: warning: unused variable 'filler' [-Wunused-variable]
 long long filler;
           ^
configure:5012: $? = 0
configure:5016: result: yes
configure:5037: checking whether system V style IPC services are supported
configure:5058: x86_64-linux-gnu-gcc -pthread -o conftest -I/home/zonca/anaconda/include -Wno-unused-result -Wsign-compare -DNDEBUG -g -fwrapv -O2 -Wall -g -fstack-protector-strong -Wformat -Werror=format-security -Dg77Fortran -fPIC  -Wno-unused-result -Wsign-compare -DNDEBUG -g -fwrapv -O2 -Wall -g -fstack-protector-strong -Wformat -Werror=format-security conftest.c  >&5
configure:5058: $? = 0
configure:5063: result: yes
configure:5079: checking whether flock_t is defined in sys/fcntl.h
configure:5095: x86_64-linux-gnu-gcc -pthread -c -I/home/zonca/anaconda/include -Wno-unused-result -Wsign-compare -DNDEBUG -g -fwrapv -O2 -Wall -g -fstack-protector-strong -Wformat -Werror=format-security -Dg77Fortran -fPIC  conftest.c >&5
conftest.c: In function 'main':
conftest.c:35:1: error: unknown type name 'flock_t'
 flock_t filler;
 ^
conftest.c:35:9: warning: unused variable 'filler' [-Wunused-variable]
 flock_t filler;
         ^
configure:5095: $? = 1
configure: failed program was:
| /* confdefs.h */
| #define PACKAGE_NAME ""
| #define PACKAGE_TARNAME ""
| #define PACKAGE_VERSION ""
| #define PACKAGE_STRING ""
| #define PACKAGE_BUGREPORT ""
| #define PACKAGE_URL ""
| #define STDC_HEADERS 1
| #define HAVE_SYS_TYPES_H 1
| #define HAVE_SYS_STAT_H 1
| #define HAVE_STDLIB_H 1
| #define HAVE_STRING_H 1
| #define HAVE_MEMORY_H 1
| #define HAVE_STRINGS_H 1
| #define HAVE_INTTYPES_H 1
| #define HAVE_STDINT_H 1
| #define HAVE_UNISTD_H 1
| #define HAVE_STDLIB_H 1
| #define HAVE_STRING_H 1
| #define HAVE_MATH_H 1
| #define HAVE_LIMITS_H 1
| #define _LARGEFILE_SOURCE 1
| #define _FILE_OFFSET_BITS 64
| #define CFITSIO_HAVE_CURL 1
| #define HAVE_FTRUNCATE 1
| #define HAVE_LONGLONG 1
| #define HAVE_SHMEM_SERVICES 1
| /* end confdefs.h.  */
| #include <sys/fcntl.h>
| 
| int
| main ()
| {
| 
| flock_t filler;
| 
|   ;
|   return 0;
| }
configure:5103: result: no
configure:5109: checking whether flock_t is defined in sys/flock.h
configure:5125: x86_64-linux-gnu-gcc -pthread -c -I/home/zonca/anaconda/include -Wno-unused-result -Wsign-compare -DNDEBUG -g -fwrapv -O2 -Wall -g -fstack-protector-strong -Wformat -Werror=format-security -Dg77Fortran -fPIC  conftest.c >&5
conftest.c:29:23: fatal error: sys/flock.h: No such file or directory
compilation terminated.
configure:5125: $? = 1
configure: failed program was:
| /* confdefs.h */
| #define PACKAGE_NAME ""
| #define PACKAGE_TARNAME ""
| #define PACKAGE_VERSION ""
| #define PACKAGE_STRING ""
| #define PACKAGE_BUGREPORT ""
| #define PACKAGE_URL ""
| #define STDC_HEADERS 1
| #define HAVE_SYS_TYPES_H 1
| #define HAVE_SYS_STAT_H 1
| #define HAVE_STDLIB_H 1
| #define HAVE_STRING_H 1
| #define HAVE_MEMORY_H 1
| #define HAVE_STRINGS_H 1
| #define HAVE_INTTYPES_H 1
| #define HAVE_STDINT_H 1
| #define HAVE_UNISTD_H 1
| #define HAVE_STDLIB_H 1
| #define HAVE_STRING_H 1
| #define HAVE_MATH_H 1
| #define HAVE_LIMITS_H 1
| #define _LARGEFILE_SOURCE 1
| #define _FILE_OFFSET_BITS 64
| #define CFITSIO_HAVE_CURL 1
| #define HAVE_FTRUNCATE 1
| #define HAVE_LONGLONG 1
| #define HAVE_SHMEM_SERVICES 1
| /* end confdefs.h.  */
| #include <sys/flock.h>
| 
| int
| main ()
| {
| 
|    flock_t filler;
| 
|   ;
|   return 0;
| }
configure:5133: result: no
configure:5201: checking whether union semun is defined
configure:5219: x86_64-linux-gnu-gcc -pthread -c -I/home/zonca/anaconda/include -Wno-unused-result -Wsign-compare -DNDEBUG -g -fwrapv -O2 -Wall -g -fstack-protector-strong -Wformat -Werror=format-security -Dg77Fortran -fPIC  conftest.c >&5
conftest.c: In function 'main':
conftest.c:37:13: error: storage size of 'filler' isn't known
 union semun filler;
             ^
conftest.c:37:13: warning: unused variable 'filler' [-Wunused-variable]
configure:5219: $? = 1
configure: failed program was:
| /* confdefs.h */
| #define PACKAGE_NAME ""
| #define PACKAGE_TARNAME ""
| #define PACKAGE_VERSION ""
| #define PACKAGE_STRING ""
| #define PACKAGE_BUGREPORT ""
| #define PACKAGE_URL ""
| #define STDC_HEADERS 1
| #define HAVE_SYS_TYPES_H 1
| #define HAVE_SYS_STAT_H 1
| #define HAVE_STDLIB_H 1
| #define HAVE_STRING_H 1
| #define HAVE_MEMORY_H 1
| #define HAVE_STRINGS_H 1
| #define HAVE_INTTYPES_H 1
| #define HAVE_STDINT_H 1
| #define HAVE_UNISTD_H 1
| #define HAVE_STDLIB_H 1
| #define HAVE_STRING_H 1
| #define HAVE_MATH_H 1
| #define HAVE_LIMITS_H 1
| #define _LARGEFILE_SOURCE 1
| #define _FILE_OFFSET_BITS 64
| #define CFITSIO_HAVE_CURL 1
| #define HAVE_FTRUNCATE 1
| #define HAVE_LONGLONG 1
| #define HAVE_SHMEM_SERVICES 1
| /* end confdefs.h.  */
| #include <sys/ipc.h>
| #include <sys/shm.h>
| #include <sys/sem.h>
| 
| int
| main ()
| {
| 
| union semun filler;
| 
|   ;
|   return 0;
| }
configure:5227: result: no
configure:5236: checking for fmemopen
configure:5236: x86_64-linux-gnu-gcc -pthread -o conftest -I/home/zonca/anaconda/include -Wno-unused-result -Wsign-compare -DNDEBUG -g -fwrapv -O2 -Wall -g -fstack-protector-strong -Wformat -Werror=format-security -Dg77Fortran -fPIC  -Wno-unused-result -Wsign-compare -DNDEBUG -g -fwrapv -O2 -Wall -g -fstack-protector-strong -Wformat -Werror=format-security conftest.c  >&5
configure:5236: $? = 0
configure:5236: result: yes
configure:5249: checking for library containing gethostbyname
configure:5280: x86_64-linux-gnu-gcc -pthread -o conftest -I/home/zonca/anaconda/include -Wno-unused-result -Wsign-compare -DNDEBUG -g -fwrapv -O2 -Wall -g -fstack-protector-strong -Wformat -Werror=format-security -Dg77Fortran -fPIC  -Wno-unused-result -Wsign-compare -DNDEBUG -g -fwrapv -O2 -Wall -g -fstack-protector-strong -Wformat -Werror=format-security conftest.c  >&5
configure:5280: $? = 0
configure:5297: result: none required
configure:5307: checking for library containing connect
configure:5338: x86_64-linux-gnu-gcc -pthread -o conftest -I/home/zonca/anaconda/include -Wno-unused-result -Wsign-compare -DNDEBUG -g -fwrapv -O2 -Wall -g -fstack-protector-strong -Wformat -Werror=format-security -Dg77Fortran -fPIC  -Wno-unused-result -Wsign-compare -DNDEBUG -g -fwrapv -O2 -Wall -g -fstack-protector-strong -Wformat -Werror=format-security conftest.c  >&5
configure:5338: $? = 0
configure:5355: result: none required
configure:5525: creating ./config.status

## ---------------------- ##
## Running config.status. ##
## ---------------------- ##

This file was extended by config.status, which was
generated by GNU Autoconf 2.69.  Invocation command line was

  CONFIG_FILES    = 
  CONFIG_HEADERS  = 
  CONFIG_LINKS    = 
  CONFIG_COMMANDS = 
  $ ./config.status 

on nebula.sdsc.edu

config.status:760: creating Makefile
configure:6526: WARNING: unrecognized options: --disable-shared, --with-pic, --disable-maintainer-mode
configure:6682: creating ./config.status

## ---------------------- ##
## Running config.status. ##
## ---------------------- ##

This file was extended by config.status, which was
generated by GNU Autoconf 2.69.  Invocation command line was

  CONFIG_FILES    = 
  CONFIG_HEADERS  = 
  CONFIG_LINKS    = 
  CONFIG_COMMANDS = 
  $ ./config.status 

on nebula.sdsc.edu

config.status:761: creating Makefile
config.status:761: creating cfitsio.pc
configure:7684: WARNING: unrecognized options: --disable-shared, --with-pic, --disable-maintainer-mode
configure:7690: result: 
configure:7692: result:     Congratulations, Makefile update was successful.
configure:7694: result:     You may want to run "make" now.
configure:7696: result: 

## ---------------- ##
## Cache variables. ##
## ---------------- ##

ac_cv_build=x86_64-pc-linux-gnu
ac_cv_c_compiler_gnu=yes
ac_cv_env_CC_set=set
ac_cv_env_CC_value='x86_64-linux-gnu-gcc -pthread'
ac_cv_env_CFLAGS_set=set
ac_cv_env_CFLAGS_value='-Wno-unused-result -Wsign-compare -DNDEBUG -g -fwrapv -O2 -Wall -g -fstack-protector-strong -Wformat -Werror=format-security'
ac_cv_env_CPPFLAGS_set=
ac_cv_env_CPPFLAGS_value=
ac_cv_env_CPP_set=
ac_cv_env_CPP_value=
ac_cv_env_LDFLAGS_set=
ac_cv_env_LDFLAGS_value=
ac_cv_env_LIBS_set=
ac_cv_env_LIBS_value=
ac_cv_env_build_alias_set=
ac_cv_env_build_alias_value=
ac_cv_env_host_alias_set=
ac_cv_env_host_alias_value=
ac_cv_env_target_alias_set=
ac_cv_env_target_alias_value=
ac_cv_func_fmemopen=yes
ac_cv_header_inttypes_h=yes
ac_cv_header_limits_h=yes
ac_cv_header_math_h=yes
ac_cv_header_memory_h=yes
ac_cv_header_stdc=yes
ac_cv_header_stdint_h=yes
ac_cv_header_stdlib_h=yes
ac_cv_header_string_h=yes
ac_cv_header_strings_h=yes
ac_cv_header_sys_stat_h=yes
ac_cv_header_sys_types_h=yes
ac_cv_header_unistd_h=yes
ac_cv_host=x86_64-pc-linux-gnu
ac_cv_objext=o
ac_cv_path_EGREP='/bin/grep -E'
ac_cv_path_GREP=/bin/grep
ac_cv_prog_AR=ar
ac_cv_prog_CPP='x86_64-linux-gnu-gcc -pthread -E'
ac_cv_prog_CURLCONFIG=curl-config
ac_cv_prog_FC=gfortran
ac_cv_prog_ac_ct_CC='x86_64-linux-gnu-gcc -pthread'
ac_cv_prog_ac_ct_RANLIB=ranlib
ac_cv_prog_cc_c89=
ac_cv_prog_cc_g=yes
ac_cv_search_connect='none required'
ac_cv_search_gethostbyname='none required'
ac_cv_target=x86_64-pc-linux-gnu

## ----------------- ##
## Output variables. ##
## ----------------- ##

AR='ar'
ARCH='linux'
ARCHIVE='ar rv'
CC='x86_64-linux-gnu-gcc -pthread'
CFITSIO_MAJOR='3'
CFITSIO_MINOR='48'
CFITSIO_SHLIB='lib${PACKAGE}${SHLIB_SUFFIX}.${CFITSIO_SONAME}.${CFITSIO_MAJOR}.${CFITSIO_MINOR}'
CFITSIO_SHLIB_SONAME='lib${PACKAGE}${SHLIB_SUFFIX}.${CFITSIO_SONAME}'
CFITSIO_SONAME='9'
CFLAGS='-I/home/zonca/anaconda/include -Wno-unused-result -Wsign-compare -DNDEBUG -g -fwrapv -O2 -Wall -g -fstack-protector-strong -Wformat -Werror=format-security -Dg77Fortran -fPIC'
CPP='x86_64-linux-gnu-gcc -pthread -E'
CPPFLAGS=''
CURLCONFIG='curl-config'
DEFS='-DPACKAGE_NAME=\"\" -DPACKAGE_TARNAME=\"\" -DPACKAGE_VERSION=\"\" -DPACKAGE_STRING=\"\" -DPACKAGE_BUGREPORT=\"\" -DPACKAGE_URL=\"\" -DSTDC_HEADERS=1 -DHAVE_SYS_TYPES_H=1 -DHAVE_SYS_STAT_H=1 -DHAVE_STDLIB_H=1 -DHAVE_STRING_H=1 -DHAVE_MEMORY_H=1 -DHAVE_STRINGS_H=1 -DHAVE_INTTYPES_H=1 -DHAVE_STDINT_H=1 -DHAVE_UNISTD_H=1 -DHAVE_STDLIB_H=1 -DHAVE_STRING_H=1 -DHAVE_MATH_H=1 -DHAVE_LIMITS_H=1 -D_LARGEFILE_SOURCE=1 -D_FILE_OFFSET_BITS=64 -DCFITSIO_HAVE_CURL=1 -DHAVE_FTRUNCATE=1 -DHAVE_LONGLONG=1 -DHAVE_SHMEM_SERVICES=1 -DHAVE_FMEMOPEN=1 -DHAVE_NET_SERVICES=1'
ECHO_C=''
ECHO_N='-n'
ECHO_T=''
EGREP='/bin/grep -E'
EXEEXT=''
F77_WRAPPERS='${FITSIO_SRC}'
FC='gfortran'
GCCVERSION='5.5.0'
GREP='/bin/grep'
GSIFTP_SRC=''
INSTALL_ROOT='${prefix}'
LDFLAGS='-Wno-unused-result -Wsign-compare -DNDEBUG -g -fwrapv -O2 -Wall -g -fstack-protector-strong -Wformat -Werror=format-security'
LDFLAGS_BIN='-Wno-unused-result -Wsign-compare -DNDEBUG -g -fwrapv -O2 -Wall -g -fstack-protector-strong -Wformat -Werror=format-security -Wl,-rpath,${CFITSIO_LIB}'
LIBOBJS=''
LIBPRE=''
LIBS=''
LIBS_CURL='-L/home/zonca/anaconda/lib -lcurl'
LTLIBOBJS=''
OBJEXT='o'
PACKAGE_BUGREPORT=''
PACKAGE_NAME=''
PACKAGE_STRING=''
PACKAGE_TARNAME=''
PACKAGE_URL=''
PACKAGE_VERSION=''
PATH_SEPARATOR=':'
RANLIB='ranlib'
SHELL='/bin/bash'
SHLIB_LD='x86_64-linux-gnu-gcc -pthread -shared -Wl,-soname,lib${PACKAGE}${SHLIB_SUFFIX}.${CFITSIO_SONAME}'
SHLIB_SUFFIX='.so'
SSE_FLAGS=''
ac_ct_CC='x86_64-linux-gnu-gcc -pthread'
bindir='${exec_prefix}/bin'
build='x86_64-pc-linux-gnu'
build_alias=''
build_cpu='x86_64'
build_os='linux-gnu'
build_vendor='pc'
datadir='${datarootdir}'
datarootdir='${prefix}/share'
docdir='${datarootdir}/doc/${PACKAGE}'
dvidir='${docdir}'
exec_prefix='${prefix}'
host='x86_64-pc-linux-gnu'
host_alias=''
host_cpu='x86_64'
host_os='linux-gnu'
host_vendor='pc'
htmldir='${docdir}'
includedir='${prefix}/include'
infodir='${datarootdir}/info'
libdir='${exec_prefix}/lib'
libexecdir='${exec_prefix}/libexec'
localedir='${datarootdir}/locale'
localstatedir='${prefix}/var'
mandir='${datarootdir}/man'
my_shmem='${SOURCES_SHMEM}'
oldincludedir='/usr/include'
pdfdir='${docdir}'
prefix='/home/zonca/zonca/p/software/healpy/build/temp.linux-x86_64-3.7'
program_transform_name='s,x,x,'
psdir='${docdir}'
sbindir='${exec_prefix}/sbin'
sharedstatedir='${prefix}/com'
sysconfdir='${prefix}/etc'
target='x86_64-pc-linux-gnu'
target_alias=''
target_cpu='x86_64'
target_os='linux-gnu'
target_vendor='pc'

## ----------- ##
## confdefs.h. ##
## ----------- ##

/* confdefs.h */
#define PACKAGE_NAME ""
#define PACKAGE_TARNAME ""
#define PACKAGE_VERSION ""
#define PACKAGE_STRING ""
#define PACKAGE_BUGREPORT ""
#define PACKAGE_URL ""
#define STDC_HEADERS 1
#define HAVE_SYS_TYPES_H 1
#define HAVE_SYS_STAT_H 1
#define HAVE_STDLIB_H 1
#define HAVE_STRING_H 1
#define HAVE_MEMORY_H 1
#define HAVE_STRINGS_H 1
#define HAVE_INTTYPES_H 1
#define HAVE_STDINT_H 1
#define HAVE_UNISTD_H 1
#define HAVE_STDLIB_H 1
#define HAVE_STRING_H 1
#define HAVE_MATH_H 1
#define HAVE_LIMITS_H 1
#define _LARGEFILE_SOURCE 1
#define _FILE_OFFSET_BITS 64
#define CFITSIO_HAVE_CURL 1
#define HAVE_FTRUNCATE 1
#define HAVE_LONGLONG 1
#define HAVE_SHMEM_SERVICES 1
#define HAVE_FMEMOPEN 1
#define HAVE_NET_SERVICES 1

configure: exit 0
