This file contains any messages produced by compilers while
running configure, to aid debugging if configure makes a mistake.

It was created by libsharp configure 1.0.0, which was
generated by GNU Autoconf 2.69.  Invocation command line was

  $ /home/zonca/zonca/p/software/healpy/healpixsubmodule/src/common_libraries/libsharp/configure --prefix=/home/zonca/zonca/p/software/healpy/build/temp.linux-x86_64-3.7 --disable-shared --with-pic --disable-maintainer-mode

## --------- ##
## Platform. ##
## --------- ##

hostname = nebula.sdsc.edu
uname -m = x86_64
uname -r = 4.4.0-170-generic
uname -s = Linux
uname -v = #199-Ubuntu SMP Thu Nov 14 01:45:04 UTC 2019

/usr/bin/uname -p = unknown
/bin/uname -X     = unknown

/bin/arch              = unknown
/usr/bin/arch -k       = unknown
/usr/convex/getsysinfo = unknown
/usr/bin/hostinfo      = unknown
/bin/machine           = unknown
/usr/bin/oslevel       = unknown
/bin/universe          = unknown

PATH: /home/zonca/zonca/p/software/healpy/healpyvenv/bin
PATH: /home/zonca/.pyenv/plugins/pyenv-virtualenv/shims
PATH: /home/zonca/.pyenv/shims
PATH: /home/zonca/.pyenv/bin
PATH: /home/zonca/.poetry/bin
PATH: /home/zonca/anaconda/bin
PATH: /home/zonca/anaconda/condabin
PATH: /usr/local/sbin
PATH: /usr/local/bin
PATH: /usr/sbin
PATH: /usr/bin
PATH: /sbin
PATH: /bin
PATH: /usr/games
PATH: /usr/local/games
PATH: /home/zonca/go/bin
PATH: /snap/bin
PATH: /home/zonca/go/bin
PATH: /home/zonca/.local/bin
PATH: /home/zonca/bin
PATH: /home/zonca/go/bin


## ----------- ##
## Core tests. ##
## ----------- ##

configure:2179: checking for a BSD-compatible install
configure:2247: result: /usr/bin/install -c
configure:2258: checking whether build environment is sane
configure:2313: result: yes
configure:2464: checking for a thread-safe mkdir -p
configure:2503: result: /bin/mkdir -p
configure:2510: checking for gawk
configure:2526: found /usr/bin/gawk
configure:2537: result: gawk
configure:2548: checking whether make sets $(MAKE)
configure:2570: result: yes
configure:2599: checking whether make supports nested variables
configure:2616: result: yes
configure:2743: checking whether to enable maintainer-specific portions of Makefiles
configure:2752: result: no
configure:2771: checking whether make supports the include directive
configure:2786: make -f confmf.GNU && cat confinc.out
this is the am__doit target
configure:2789: $? = 0
configure:2808: result: yes (GNU style)
configure:2878: checking for gcc
configure:2905: result: x86_64-linux-gnu-gcc -pthread
configure:3134: checking for C compiler version
configure:3143: x86_64-linux-gnu-gcc -pthread --version >&5
x86_64-linux-gnu-gcc (Ubuntu 5.5.0-12ubuntu1~16.04) 5.5.0 20171010
Copyright (C) 2015 Free Software Foundation, Inc.
This is free software; see the source for copying conditions.  There is NO
warranty; not even for MERCHANTABILITY or FITNESS FOR A PARTICULAR PURPOSE.

configure:3154: $? = 0
configure:3143: x86_64-linux-gnu-gcc -pthread -v >&5
Using built-in specs.
COLLECT_GCC=x86_64-linux-gnu-gcc
COLLECT_LTO_WRAPPER=/usr/lib/gcc/x86_64-linux-gnu/5/lto-wrapper
Target: x86_64-linux-gnu
Configured with: ../src/configure -v --with-pkgversion='Ubuntu 5.5.0-12ubuntu1~16.04' --with-bugurl=file:///usr/share/doc/gcc-5/README.Bugs --enable-languages=c,ada,c++,java,go,d,fortran,objc,obj-c++ --prefix=/usr --program-suffix=-5 --enable-shared --enable-linker-build-id --libexecdir=/usr/lib --without-included-gettext --enable-threads=posix --libdir=/usr/lib --enable-nls --with-sysroot=/ --enable-clocale=gnu --enable-libstdcxx-debug --enable-libstdcxx-time=yes --with-default-libstdcxx-abi=new --enable-gnu-unique-object --disable-vtable-verify --enable-libmpx --enable-plugin --with-system-zlib --disable-browser-plugin --enable-java-awt=gtk --enable-gtk-cairo --with-java-home=/usr/lib/jvm/java-1.5.0-gcj-5-amd64/jre --enable-java-home --with-jvm-root-dir=/usr/lib/jvm/java-1.5.0-gcj-5-amd64 --with-jvm-jar-dir=/usr/lib/jvm-exports/java-1.5.0-gcj-5-amd64 --with-arch-directory=amd64 --with-ecj-jar=/usr/share/java/eclipse-ecj.jar --enable-objc-gc --enable-multiarch --disable-werror --with-arch-32=i686 --with-abi=m64 --with-multilib-list=m32,m64,mx32 --enable-multilib --with-tune=generic --enable-checking=release --build=x86_64-linux-gnu --host=x86_64-linux-gnu --target=x86_64-linux-gnu
Thread model: posix
gcc version 5.5.0 20171010 (Ubuntu 5.5.0-12ubuntu1~16.04) 
configure:3154: $? = 0
configure:3143: x86_64-linux-gnu-gcc -pthread -V >&5
x86_64-linux-gnu-gcc: error: unrecognized command line option '-V'
x86_64-linux-gnu-gcc: fatal error: no input files
compilation terminated.
configure:3154: $? = 1
configure:3143: x86_64-linux-gnu-gcc -pthread -qversion >&5
x86_64-linux-gnu-gcc: error: unrecognized command line option '-qversion'
x86_64-linux-gnu-gcc: fatal error: no input files
compilation terminated.
configure:3154: $? = 1
configure:3174: checking whether the C compiler works
configure:3196: x86_64-linux-gnu-gcc -pthread -Wno-unused-result -Wsign-compare -DNDEBUG -g -fwrapv -O2 -Wall -g -fstack-protector-strong -Wformat -Werror=format-security   conftest.c  >&5
configure:3200: $? = 0
configure:3248: result: yes
configure:3251: checking for C compiler default output file name
configure:3253: result: a.out
configure:3259: checking for suffix of executables
configure:3266: x86_64-linux-gnu-gcc -pthread -o conftest -Wno-unused-result -Wsign-compare -DNDEBUG -g -fwrapv -O2 -Wall -g -fstack-protector-strong -Wformat -Werror=format-security   conftest.c  >&5
configure:3270: $? = 0
configure:3292: result: 
configure:3314: checking whether we are cross compiling
configure:3322: x86_64-linux-gnu-gcc -pthread -o conftest -Wno-unused-result -Wsign-compare -DNDEBUG -g -fwrapv -O2 -Wall -g -fstack-protector-strong -Wformat -Werror=format-security   conftest.c  >&5
configure:3326: $? = 0
configure:3333: ./conftest
configure:3337: $? = 0
configure:3352: result: no
configure:3357: checking for suffix of object files
configure:3379: x86_64-linux-gnu-gcc -pthread -c -Wno-unused-result -Wsign-compare -DNDEBUG -g -fwrapv -O2 -Wall -g -fstack-protector-strong -Wformat -Werror=format-security  conftest.c >&5
configure:3383: $? = 0
configure:3404: result: o
configure:3408: checking whether we are using the GNU C compiler
configure:3427: x86_64-linux-gnu-gcc -pthread -c -Wno-unused-result -Wsign-compare -DNDEBUG -g -fwrapv -O2 -Wall -g -fstack-protector-strong -Wformat -Werror=format-security  conftest.c >&5
configure:3427: $? = 0
configure:3436: result: yes
configure:3445: checking whether x86_64-linux-gnu-gcc -pthread accepts -g
configure:3465: x86_64-linux-gnu-gcc -pthread -c -g  conftest.c >&5
configure:3465: $? = 0
configure:3506: result: yes
configure:3523: checking for x86_64-linux-gnu-gcc -pthread option to accept ISO C89
configure:3586: x86_64-linux-gnu-gcc -pthread  -c -Wno-unused-result -Wsign-compare -DNDEBUG -g -fwrapv -O2 -Wall -g -fstack-protector-strong -Wformat -Werror=format-security  conftest.c >&5
configure:3586: $? = 0
configure:3599: result: none needed
configure:3624: checking whether x86_64-linux-gnu-gcc -pthread understands -c and -o together
configure:3646: x86_64-linux-gnu-gcc -pthread -c conftest.c -o conftest2.o
configure:3649: $? = 0
configure:3646: x86_64-linux-gnu-gcc -pthread -c conftest.c -o conftest2.o
configure:3649: $? = 0
configure:3661: result: yes
configure:3680: checking dependency style of x86_64-linux-gnu-gcc -pthread
configure:3791: result: gcc3
configure:3856: checking for ar
configure:3872: found /usr/bin/ar
configure:3883: result: ar
configure:3909: checking the archiver (ar) interface
configure:3925: x86_64-linux-gnu-gcc -pthread -c -Wno-unused-result -Wsign-compare -DNDEBUG -g -fwrapv -O2 -Wall -g -fstack-protector-strong -Wformat -Werror=format-security  conftest.c >&5
configure:3925: $? = 0
configure:3927: ar cru libconftest.a conftest.o >&5
ar: `u' modifier ignored since `D' is the default (see `U')
configure:3930: $? = 0
configure:3958: result: ar
configure:4008: checking build system type
configure:4022: result: x86_64-pc-linux-gnu
configure:4042: checking host system type
configure:4055: result: x86_64-pc-linux-gnu
configure:4096: checking how to print strings
configure:4123: result: printf
configure:4144: checking for a sed that does not truncate output
configure:4208: result: /bin/sed
configure:4226: checking for grep that handles long lines and -e
configure:4284: result: /bin/grep
configure:4289: checking for egrep
configure:4351: result: /bin/grep -E
configure:4356: checking for fgrep
configure:4418: result: /bin/grep -F
configure:4453: checking for ld used by x86_64-linux-gnu-gcc -pthread
configure:4520: result: /usr/bin/ld
configure:4527: checking if the linker (/usr/bin/ld) is GNU ld
configure:4542: result: yes
configure:4554: checking for BSD- or MS-compatible name lister (nm)
configure:4608: result: /usr/bin/nm -B
configure:4738: checking the name lister (/usr/bin/nm -B) interface
configure:4745: x86_64-linux-gnu-gcc -pthread -c -Wno-unused-result -Wsign-compare -DNDEBUG -g -fwrapv -O2 -Wall -g -fstack-protector-strong -Wformat -Werror=format-security  conftest.c >&5
configure:4748: /usr/bin/nm -B "conftest.o"
configure:4751: output
0000000000000000 B some_variable
configure:4758: result: BSD nm
configure:4761: checking whether ln -s works
configure:4765: result: yes
configure:4773: checking the maximum length of command line arguments
configure:4904: result: 1572864
configure:4952: checking how to convert x86_64-pc-linux-gnu file names to x86_64-pc-linux-gnu format
configure:4992: result: func_convert_file_noop
configure:4999: checking how to convert x86_64-pc-linux-gnu file names to toolchain format
configure:5019: result: func_convert_file_noop
configure:5026: checking for /usr/bin/ld option to reload object files
configure:5033: result: -r
configure:5107: checking for objdump
configure:5123: found /usr/bin/objdump
configure:5134: result: objdump
configure:5166: checking how to recognize dependent libraries
configure:5366: result: pass_all
configure:5451: checking for dlltool
configure:5481: result: no
configure:5511: checking how to associate runtime and link libraries
configure:5538: result: printf %s\n
configure:5662: checking for archiver @FILE support
configure:5679: x86_64-linux-gnu-gcc -pthread -c -Wno-unused-result -Wsign-compare -DNDEBUG -g -fwrapv -O2 -Wall -g -fstack-protector-strong -Wformat -Werror=format-security  conftest.c >&5
configure:5679: $? = 0
configure:5682: ar cru libconftest.a @conftest.lst >&5
ar: `u' modifier ignored since `D' is the default (see `U')
configure:5685: $? = 0
configure:5690: ar cru libconftest.a @conftest.lst >&5
ar: `u' modifier ignored since `D' is the default (see `U')
ar: conftest.o: No such file or directory
configure:5693: $? = 1
configure:5705: result: @
configure:5763: checking for strip
configure:5779: found /usr/bin/strip
configure:5790: result: strip
configure:5862: checking for ranlib
configure:5878: found /usr/bin/ranlib
configure:5889: result: ranlib
configure:5991: checking command to parse /usr/bin/nm -B output from x86_64-linux-gnu-gcc -pthread object
configure:6144: x86_64-linux-gnu-gcc -pthread -c -Wno-unused-result -Wsign-compare -DNDEBUG -g -fwrapv -O2 -Wall -g -fstack-protector-strong -Wformat -Werror=format-security  conftest.c >&5
configure:6147: $? = 0
configure:6151: /usr/bin/nm -B conftest.o \| sed -n -e 's/^.*[ ]\([ABCDGIRSTW][ABCDGIRSTW]*\)[ ][ ]*\([_A-Za-z][_A-Za-z0-9]*\)$/\1 \2 \2/p' | sed '/ __gnu_lto/d' \> conftest.nm
configure:6154: $? = 0
configure:6220: x86_64-linux-gnu-gcc -pthread -o conftest -Wno-unused-result -Wsign-compare -DNDEBUG -g -fwrapv -O2 -Wall -g -fstack-protector-strong -Wformat -Werror=format-security   conftest.c conftstm.o >&5
configure:6223: $? = 0
configure:6261: result: ok
configure:6308: checking for sysroot
configure:6338: result: no
configure:6345: checking for a working dd
configure:6383: result: /bin/dd
configure:6387: checking how to truncate binary pipes
configure:6402: result: /bin/dd bs=4096 count=1
configure:6538: x86_64-linux-gnu-gcc -pthread -c -Wno-unused-result -Wsign-compare -DNDEBUG -g -fwrapv -O2 -Wall -g -fstack-protector-strong -Wformat -Werror=format-security  conftest.c >&5
configure:6541: $? = 0
configure:6731: checking for mt
configure:6747: found /bin/mt
configure:6758: result: mt
configure:6781: checking if mt is a manifest tool
configure:6787: mt '-?'
configure:6795: result: no
configure:7472: checking how to run the C preprocessor
configure:7503: x86_64-linux-gnu-gcc -pthread -E  conftest.c
configure:7503: $? = 0
configure:7517: x86_64-linux-gnu-gcc -pthread -E  conftest.c
conftest.c:11:28: fatal error: ac_nonexistent.h: No such file or directory
compilation terminated.
configure:7517: $? = 1
configure: failed program was:
| /* confdefs.h */
| #define PACKAGE_NAME "libsharp"
| #define PACKAGE_TARNAME "libsharp"
| #define PACKAGE_VERSION "1.0.0"
| #define PACKAGE_STRING "libsharp 1.0.0"
| #define PACKAGE_BUGREPORT ""
| #define PACKAGE_URL ""
| #define PACKAGE "libsharp"
| #define VERSION "1.0.0"
| /* end confdefs.h.  */
| #include <ac_nonexistent.h>
configure:7542: result: x86_64-linux-gnu-gcc -pthread -E
configure:7562: x86_64-linux-gnu-gcc -pthread -E  conftest.c
configure:7562: $? = 0
configure:7576: x86_64-linux-gnu-gcc -pthread -E  conftest.c
conftest.c:11:28: fatal error: ac_nonexistent.h: No such file or directory
compilation terminated.
configure:7576: $? = 1
configure: failed program was:
| /* confdefs.h */
| #define PACKAGE_NAME "libsharp"
| #define PACKAGE_TARNAME "libsharp"
| #define PACKAGE_VERSION "1.0.0"
| #define PACKAGE_STRING "libsharp 1.0.0"
| #define PACKAGE_BUGREPORT ""
| #define PACKAGE_URL ""
| #define PACKAGE "libsharp"
| #define VERSION "1.0.0"
| /* end confdefs.h.  */
| #include <ac_nonexistent.h>
configure:7605: checking for ANSI C header files
configure:7625: x86_64-linux-gnu-gcc -pthread -c -Wno-unused-result -Wsign-compare -DNDEBUG -g -fwrapv -O2 -Wall -g -fstack-protector-strong -Wformat -Werror=format-security  conftest.c >&5
configure:7625: $? = 0
configure:7698: x86_64-linux-gnu-gcc -pthread -o conftest -Wno-unused-result -Wsign-compare -DNDEBUG -g -fwrapv -O2 -Wall -g -fstack-protector-strong -Wformat -Werror=format-security   conftest.c  >&5
configure:7698: $? = 0
configure:7698: ./conftest
configure:7698: $? = 0
configure:7709: result: yes
configure:7722: checking for sys/types.h
configure:7722: x86_64-linux-gnu-gcc -pthread -c -Wno-unused-result -Wsign-compare -DNDEBUG -g -fwrapv -O2 -Wall -g -fstack-protector-strong -Wformat -Werror=format-security  conftest.c >&5
configure:7722: $? = 0
configure:7722: result: yes
configure:7722: checking for sys/stat.h
configure:7722: x86_64-linux-gnu-gcc -pthread -c -Wno-unused-result -Wsign-compare -DNDEBUG -g -fwrapv -O2 -Wall -g -fstack-protector-strong -Wformat -Werror=format-security  conftest.c >&5
configure:7722: $? = 0
configure:7722: result: yes
configure:7722: checking for stdlib.h
configure:7722: x86_64-linux-gnu-gcc -pthread -c -Wno-unused-result -Wsign-compare -DNDEBUG -g -fwrapv -O2 -Wall -g -fstack-protector-strong -Wformat -Werror=format-security  conftest.c >&5
configure:7722: $? = 0
configure:7722: result: yes
configure:7722: checking for string.h
configure:7722: x86_64-linux-gnu-gcc -pthread -c -Wno-unused-result -Wsign-compare -DNDEBUG -g -fwrapv -O2 -Wall -g -fstack-protector-strong -Wformat -Werror=format-security  conftest.c >&5
configure:7722: $? = 0
configure:7722: result: yes
configure:7722: checking for memory.h
configure:7722: x86_64-linux-gnu-gcc -pthread -c -Wno-unused-result -Wsign-compare -DNDEBUG -g -fwrapv -O2 -Wall -g -fstack-protector-strong -Wformat -Werror=format-security  conftest.c >&5
configure:7722: $? = 0
configure:7722: result: yes
configure:7722: checking for strings.h
configure:7722: x86_64-linux-gnu-gcc -pthread -c -Wno-unused-result -Wsign-compare -DNDEBUG -g -fwrapv -O2 -Wall -g -fstack-protector-strong -Wformat -Werror=format-security  conftest.c >&5
configure:7722: $? = 0
configure:7722: result: yes
configure:7722: checking for inttypes.h
configure:7722: x86_64-linux-gnu-gcc -pthread -c -Wno-unused-result -Wsign-compare -DNDEBUG -g -fwrapv -O2 -Wall -g -fstack-protector-strong -Wformat -Werror=format-security  conftest.c >&5
configure:7722: $? = 0
configure:7722: result: yes
configure:7722: checking for stdint.h
configure:7722: x86_64-linux-gnu-gcc -pthread -c -Wno-unused-result -Wsign-compare -DNDEBUG -g -fwrapv -O2 -Wall -g -fstack-protector-strong -Wformat -Werror=format-security  conftest.c >&5
configure:7722: $? = 0
configure:7722: result: yes
configure:7722: checking for unistd.h
configure:7722: x86_64-linux-gnu-gcc -pthread -c -Wno-unused-result -Wsign-compare -DNDEBUG -g -fwrapv -O2 -Wall -g -fstack-protector-strong -Wformat -Werror=format-security  conftest.c >&5
configure:7722: $? = 0
configure:7722: result: yes
configure:7736: checking for dlfcn.h
configure:7736: x86_64-linux-gnu-gcc -pthread -c -Wno-unused-result -Wsign-compare -DNDEBUG -g -fwrapv -O2 -Wall -g -fstack-protector-strong -Wformat -Werror=format-security  conftest.c >&5
configure:7736: $? = 0
configure:7736: result: yes
configure:7992: checking for objdir
configure:8007: result: .libs
configure:8271: checking if x86_64-linux-gnu-gcc -pthread supports -fno-rtti -fno-exceptions
configure:8289: x86_64-linux-gnu-gcc -pthread -c -Wno-unused-result -Wsign-compare -DNDEBUG -g -fwrapv -O2 -Wall -g -fstack-protector-strong -Wformat -Werror=format-security  -fno-rtti -fno-exceptions conftest.c >&5
cc1: warning: command line option '-fno-rtti' is valid for C++/ObjC++ but not for C
configure:8293: $? = 0
configure:8306: result: no
configure:8664: checking for x86_64-linux-gnu-gcc -pthread option to produce PIC
configure:8671: result: -fPIC -DPIC
configure:8679: checking if x86_64-linux-gnu-gcc -pthread PIC flag -fPIC -DPIC works
configure:8697: x86_64-linux-gnu-gcc -pthread -c -Wno-unused-result -Wsign-compare -DNDEBUG -g -fwrapv -O2 -Wall -g -fstack-protector-strong -Wformat -Werror=format-security  -fPIC -DPIC -DPIC conftest.c >&5
configure:8701: $? = 0
configure:8714: result: yes
configure:8743: checking if x86_64-linux-gnu-gcc -pthread static flag -static works
configure:8771: result: yes
configure:8786: checking if x86_64-linux-gnu-gcc -pthread supports -c -o file.o
configure:8807: x86_64-linux-gnu-gcc -pthread -c -Wno-unused-result -Wsign-compare -DNDEBUG -g -fwrapv -O2 -Wall -g -fstack-protector-strong -Wformat -Werror=format-security  -o out/conftest2.o conftest.c >&5
configure:8811: $? = 0
configure:8833: result: yes
configure:8841: checking if x86_64-linux-gnu-gcc -pthread supports -c -o file.o
configure:8888: result: yes
configure:8921: checking whether the x86_64-linux-gnu-gcc -pthread linker (/usr/bin/ld -m elf_x86_64) supports shared libraries
configure:10180: result: yes
configure:10420: checking dynamic linker characteristics
configure:11001: x86_64-linux-gnu-gcc -pthread -o conftest -Wno-unused-result -Wsign-compare -DNDEBUG -g -fwrapv -O2 -Wall -g -fstack-protector-strong -Wformat -Werror=format-security   -Wl,-rpath -Wl,/foo conftest.c  >&5
configure:11001: $? = 0
configure:11238: result: GNU/Linux ld.so
configure:11360: checking how to hardcode library paths into programs
configure:11385: result: immediate
configure:11933: checking whether stripping libraries is possible
configure:11938: result: yes
configure:11973: checking if libtool supports shared libraries
configure:11975: result: yes
configure:11978: checking whether to build shared libraries
configure:12003: result: no
configure:12006: checking whether to build static libraries
configure:12010: result: yes
configure:12060: checking whether make supports nested variables
configure:12077: result: yes
configure:12090: checking for x86_64-linux-gnu-gcc -pthread option to accept ISO C99
configure:12239: x86_64-linux-gnu-gcc -pthread  -c -Wno-unused-result -Wsign-compare -DNDEBUG -g -fwrapv -O2 -Wall -g -fstack-protector-strong -Wformat -Werror=format-security  conftest.c >&5
conftest.c: In function 'test_varargs':
conftest.c:94:9: warning: variable 'fnumber' set but not used [-Wunused-but-set-variable]
   float fnumber;
         ^
conftest.c:93:7: warning: variable 'number' set but not used [-Wunused-but-set-variable]
   int number;
       ^
conftest.c:92:15: warning: variable 'str' set but not used [-Wunused-but-set-variable]
   const char *str;
               ^
configure:12239: $? = 0
configure:12252: result: none needed
configure:12275: checking for x86_64-linux-gnu-gcc -pthread option to support OpenMP
configure:12290: x86_64-linux-gnu-gcc -pthread -o conftest -Wno-unused-result -Wsign-compare -DNDEBUG -g -fwrapv -O2 -Wall -g -fstack-protector-strong -Wformat -Werror=format-security   conftest.c  >&5
conftest.c:25:2: error: unknown type name 'choke'
  choke me
  ^
In file included from conftest.c:27:0:
/usr/lib/gcc/x86_64-linux-gnu/5/include/omp.h:35:1: error: expected '=', ',', ';', 'asm' or '__attribute__' before 'typedef'
 typedef struct
 ^
configure:12290: $? = 1
configure: failed program was:
| /* confdefs.h */
| #define PACKAGE_NAME "libsharp"
| #define PACKAGE_TARNAME "libsharp"
| #define PACKAGE_VERSION "1.0.0"
| #define PACKAGE_STRING "libsharp 1.0.0"
| #define PACKAGE_BUGREPORT ""
| #define PACKAGE_URL ""
| #define PACKAGE "libsharp"
| #define VERSION "1.0.0"
| #define STDC_HEADERS 1
| #define HAVE_SYS_TYPES_H 1
| #define HAVE_SYS_STAT_H 1
| #define HAVE_STDLIB_H 1
| #define HAVE_STRING_H 1
| #define HAVE_MEMORY_H 1
| #define HAVE_STRINGS_H 1
| #define HAVE_INTTYPES_H 1
| #define HAVE_STDINT_H 1
| #define HAVE_UNISTD_H 1
| #define HAVE_DLFCN_H 1
| #define LT_OBJDIR ".libs/"
| /* end confdefs.h.  */
| 
| #ifndef _OPENMP
|  choke me
| #endif
| #include <omp.h>
| int main () { return omp_get_num_threads (); }
| 
configure:12308: x86_64-linux-gnu-gcc -pthread -o conftest -Wno-unused-result -Wsign-compare -DNDEBUG -g -fwrapv -O2 -Wall -g -fstack-protector-strong -Wformat -Werror=format-security -fopenmp   conftest.c  >&5
configure:12308: $? = 0
configure:12322: result: -fopenmp
configure:12358: checking our pkgconfig libname
configure:12366: result: libsharp
configure:12369: checking our pkgconfig version
configure:12377: result: 1.0.0
configure:12380: checking our pkgconfig_libdir
configure:12387: result: ${libdir}/pkgconfig
configure:12390: result: expanded our pkgconfig_libdir... /home/zonca/zonca/p/software/healpy/build/temp.linux-x86_64-3.7/lib/pkgconfig
configure:12394: checking our pkgconfig_libfile
configure:12400: result: libsharp.pc
configure:12407: checking our package / suffix
configure:12411: result: libsharp / 
configure:12414: checking our pkgconfig description
configure:12421: result: libsharp Library
configure:12424: checking our pkgconfig requires
configure:12429: result: 
configure:12432: checking our pkgconfig ext libs
configure:12439: result: -lsharp -lm
configure:12442: checking our pkgconfig cppflags
configure:12447: result: 
configure:12450: checking our pkgconfig ldflags
configure:12455: result: 
configure:12495: result: noninstalled pkgconfig -L /home/zonca/zonca/p/software/healpy/build/temp.linux-x86_64-3.7/sharp/.libs
configure:12530: result: noninstalled pkgconfig -I //home/zonca/zonca/p/software/healpy/healpixsubmodule/src/common_libraries/libsharp
configure:12688: checking that generated files are newer than configure
configure:12694: result: done
configure:12725: creating ./config.status

## ---------------------- ##
## Running config.status. ##
## ---------------------- ##

This file was extended by libsharp config.status 1.0.0, which was
generated by GNU Autoconf 2.69.  Invocation command line was

  CONFIG_FILES    = 
  CONFIG_HEADERS  = 
  CONFIG_LINKS    = 
  CONFIG_COMMANDS = 
  $ ./config.status 

on nebula.sdsc.edu

config.status:1038: creating Makefile
config.status:1195: executing depfiles commands
config.status:1272: cd .       && sed -e '/# am--include-marker/d' Makefile         | make -f - am--depfiles
config.status:1277: $? = 0
config.status:1195: executing libtool commands
config.status:1195: executing libsharp.pc commands
config.status:1850: creating libsharp.pc.in
config.status:1873: creating libsharp.pc
config.status:1899: creating libsharp-uninstalled.pc
config.status:1929: creating libsharp-uninstalled.sh

## ---------------- ##
## Cache variables. ##
## ---------------- ##

ac_cv_build=x86_64-pc-linux-gnu
ac_cv_c_compiler_gnu=yes
ac_cv_env_CC_set=set
ac_cv_env_CC_value='x86_64-linux-gnu-gcc -pthread'
ac_cv_env_CFLAGS_set=set
ac_cv_env_CFLAGS_value='-Wno-unused-result -Wsign-compare -DNDEBUG -g -fwrapv -O2 -Wall -g -fstack-protector-strong -Wformat -Werror=format-security'
ac_cv_env_CPPFLAGS_set=
ac_cv_env_CPPFLAGS_value=
ac_cv_env_CPP_set=
ac_cv_env_CPP_value=
ac_cv_env_LDFLAGS_set=
ac_cv_env_LDFLAGS_value=
ac_cv_env_LIBS_set=
ac_cv_env_LIBS_value=
ac_cv_env_LT_SYS_LIBRARY_PATH_set=
ac_cv_env_LT_SYS_LIBRARY_PATH_value=
ac_cv_env_build_alias_set=
ac_cv_env_build_alias_value=
ac_cv_env_host_alias_set=
ac_cv_env_host_alias_value=
ac_cv_env_target_alias_set=
ac_cv_env_target_alias_value=
ac_cv_header_dlfcn_h=yes
ac_cv_header_inttypes_h=yes
ac_cv_header_memory_h=yes
ac_cv_header_stdc=yes
ac_cv_header_stdint_h=yes
ac_cv_header_stdlib_h=yes
ac_cv_header_string_h=yes
ac_cv_header_strings_h=yes
ac_cv_header_sys_stat_h=yes
ac_cv_header_sys_types_h=yes
ac_cv_header_unistd_h=yes
ac_cv_host=x86_64-pc-linux-gnu
ac_cv_objext=o
ac_cv_path_EGREP='/bin/grep -E'
ac_cv_path_FGREP='/bin/grep -F'
ac_cv_path_GREP=/bin/grep
ac_cv_path_SED=/bin/sed
ac_cv_path_install='/usr/bin/install -c'
ac_cv_path_lt_DD=/bin/dd
ac_cv_path_mkdir=/bin/mkdir
ac_cv_prog_AWK=gawk
ac_cv_prog_CPP='x86_64-linux-gnu-gcc -pthread -E'
ac_cv_prog_ac_ct_AR=ar
ac_cv_prog_ac_ct_CC='x86_64-linux-gnu-gcc -pthread'
ac_cv_prog_ac_ct_MANIFEST_TOOL=mt
ac_cv_prog_ac_ct_OBJDUMP=objdump
ac_cv_prog_ac_ct_RANLIB=ranlib
ac_cv_prog_ac_ct_STRIP=strip
ac_cv_prog_c_openmp=-fopenmp
ac_cv_prog_cc_c89=
ac_cv_prog_cc_c99=
ac_cv_prog_cc_g=yes
ac_cv_prog_make_make_set=yes
am_cv_CC_dependencies_compiler_type=gcc3
am_cv_ar_interface=ar
am_cv_make_support_nested_variables=yes
am_cv_prog_cc_c_o=yes
lt_cv_ar_at_file=@
lt_cv_deplibs_check_method=pass_all
lt_cv_file_magic_cmd='$MAGIC_CMD'
lt_cv_file_magic_test_file=
lt_cv_ld_reload_flag=-r
lt_cv_nm_interface='BSD nm'
lt_cv_objdir=.libs
lt_cv_path_LD=/usr/bin/ld
lt_cv_path_NM='/usr/bin/nm -B'
lt_cv_path_mainfest_tool=no
lt_cv_prog_compiler_c_o=yes
lt_cv_prog_compiler_pic='-fPIC -DPIC'
lt_cv_prog_compiler_pic_works=yes
lt_cv_prog_compiler_rtti_exceptions=no
lt_cv_prog_compiler_static_works=yes
lt_cv_prog_gnu_ld=yes
lt_cv_sharedlib_from_linklib_cmd='printf %s\n'
lt_cv_shlibpath_overrides_runpath=no
lt_cv_sys_global_symbol_pipe='sed -n -e '\''s/^.*[	 ]\([ABCDGIRSTW][ABCDGIRSTW]*\)[	 ][	 ]*\([_A-Za-z][_A-Za-z0-9]*\)$/\1 \2 \2/p'\'' | sed '\''/ __gnu_lto/d'\'''
lt_cv_sys_global_symbol_to_c_name_address='sed -n -e '\''s/^: \(.*\) .*$/  {"\1", (void *) 0},/p'\'' -e '\''s/^[ABCDGIRSTW][ABCDGIRSTW]* .* \(.*\)$/  {"\1", (void *) \&\1},/p'\'''
lt_cv_sys_global_symbol_to_c_name_address_lib_prefix='sed -n -e '\''s/^: \(.*\) .*$/  {"\1", (void *) 0},/p'\'' -e '\''s/^[ABCDGIRSTW][ABCDGIRSTW]* .* \(lib.*\)$/  {"\1", (void *) \&\1},/p'\'' -e '\''s/^[ABCDGIRSTW][ABCDGIRSTW]* .* \(.*\)$/  {"lib\1", (void *) \&\1},/p'\'''
lt_cv_sys_global_symbol_to_cdecl='sed -n -e '\''s/^T .* \(.*\)$/extern int \1();/p'\'' -e '\''s/^[ABCDGIRSTW][ABCDGIRSTW]* .* \(.*\)$/extern char \1;/p'\'''
lt_cv_sys_global_symbol_to_import=
lt_cv_sys_max_cmd_len=1572864
lt_cv_to_host_file_cmd=func_convert_file_noop
lt_cv_to_tool_file_cmd=func_convert_file_noop
lt_cv_truncate_bin='/bin/dd bs=4096 count=1'

## ----------------- ##
## Output variables. ##
## ----------------- ##

ACLOCAL='${SHELL} /home/zonca/zonca/p/software/healpy/healpixsubmodule/src/common_libraries/libsharp/missing aclocal-1.16'
AMDEPBACKSLASH='\'
AMDEP_FALSE='#'
AMDEP_TRUE=''
AMTAR='$${TAR-tar}'
AM_BACKSLASH='\'
AM_CFLAGS=''
AM_DEFAULT_V='$(AM_DEFAULT_VERBOSITY)'
AM_DEFAULT_VERBOSITY='0'
AM_LDFLAGS=''
AM_V='$(V)'
AR='ar'
AUTOCONF='${SHELL} /home/zonca/zonca/p/software/healpy/healpixsubmodule/src/common_libraries/libsharp/missing autoconf'
AUTOHEADER='${SHELL} /home/zonca/zonca/p/software/healpy/healpixsubmodule/src/common_libraries/libsharp/missing autoheader'
AUTOMAKE='${SHELL} /home/zonca/zonca/p/software/healpy/healpixsubmodule/src/common_libraries/libsharp/missing automake-1.16'
AWK='gawk'
CC='x86_64-linux-gnu-gcc -pthread'
CCDEPMODE='depmode=gcc3'
CFLAGS='-Wno-unused-result -Wsign-compare -DNDEBUG -g -fwrapv -O2 -Wall -g -fstack-protector-strong -Wformat -Werror=format-security -fopenmp'
CPP='x86_64-linux-gnu-gcc -pthread -E'
CPPFLAGS=' -fopenmp'
CYGPATH_W='echo'
DEFS='-DPACKAGE_NAME=\"libsharp\" -DPACKAGE_TARNAME=\"libsharp\" -DPACKAGE_VERSION=\"1.0.0\" -DPACKAGE_STRING=\"libsharp\ 1.0.0\" -DPACKAGE_BUGREPORT=\"\" -DPACKAGE_URL=\"\" -DPACKAGE=\"libsharp\" -DVERSION=\"1.0.0\" -DSTDC_HEADERS=1 -DHAVE_SYS_TYPES_H=1 -DHAVE_SYS_STAT_H=1 -DHAVE_STDLIB_H=1 -DHAVE_STRING_H=1 -DHAVE_MEMORY_H=1 -DHAVE_STRINGS_H=1 -DHAVE_INTTYPES_H=1 -DHAVE_STDINT_H=1 -DHAVE_UNISTD_H=1 -DHAVE_DLFCN_H=1 -DLT_OBJDIR=\".libs/\"'
DEPDIR='.deps'
DLLTOOL='false'
DSYMUTIL=''
DUMPBIN=''
ECHO_C=''
ECHO_N='-n'
ECHO_T=''
EGREP='/bin/grep -E'
EXEEXT=''
FGREP='/bin/grep -F'
GREP='/bin/grep'
HAVE_MULTIARCH_FALSE=''
HAVE_MULTIARCH_TRUE='#'
INSTALL_DATA='${INSTALL} -m 644'
INSTALL_PROGRAM='${INSTALL}'
INSTALL_SCRIPT='${INSTALL}'
INSTALL_STRIP_PROGRAM='$(install_sh) -c -s'
LD='/usr/bin/ld -m elf_x86_64'
LDFLAGS=''
LIBOBJS=''
LIBS='-lm'
LIBTOOL='$(SHELL) $(top_builddir)/libtool'
LIPO=''
LN_S='ln -s'
LTLIBOBJS=''
LT_SYS_LIBRARY_PATH=''
MAINT='#'
MAINTAINER_MODE_FALSE=''
MAINTAINER_MODE_TRUE='#'
MAKEINFO='${SHELL} /home/zonca/zonca/p/software/healpy/healpixsubmodule/src/common_libraries/libsharp/missing makeinfo'
MANIFEST_TOOL=':'
MKDIR_P='/bin/mkdir -p'
NM='/usr/bin/nm -B'
NMEDIT=''
OBJDUMP='objdump'
OBJEXT='o'
OPENMP_CFLAGS='-fopenmp'
OTOOL64=''
OTOOL=''
PACKAGE='libsharp'
PACKAGE_BUGREPORT=''
PACKAGE_NAME='libsharp'
PACKAGE_STRING='libsharp 1.0.0'
PACKAGE_TARNAME='libsharp'
PACKAGE_URL=''
PACKAGE_VERSION='1.0.0'
PATH_SEPARATOR=':'
RANLIB='ranlib'
SED='/bin/sed'
SET_MAKE=''
SHELL='/bin/bash'
STRIP='strip'
VERSION='1.0.0'
ac_ct_AR='ar'
ac_ct_CC='x86_64-linux-gnu-gcc -pthread'
ac_ct_DUMPBIN=''
am__EXEEXT_FALSE=''
am__EXEEXT_TRUE='#'
am__fastdepCC_FALSE='#'
am__fastdepCC_TRUE=''
am__include='include'
am__isrc=' -I$(srcdir)'
am__leading_dot='.'
am__nodep='_no'
am__quote=''
am__tar='$${TAR-tar} chof - "$$tardir"'
am__untar='$${TAR-tar} xf -'
bindir='${exec_prefix}/bin'
build='x86_64-pc-linux-gnu'
build_alias=''
build_cpu='x86_64'
build_os='linux-gnu'
build_vendor='pc'
datadir='${datarootdir}'
datarootdir='${prefix}/share'
docdir='${datarootdir}/doc/${PACKAGE_TARNAME}'
dvidir='${docdir}'
exec_prefix='${prefix}'
host='x86_64-pc-linux-gnu'
host_alias=''
host_cpu='x86_64'
host_os='linux-gnu'
host_vendor='pc'
htmldir='${docdir}'
includedir='${prefix}/include'
infodir='${datarootdir}/info'
install_sh='${SHELL} /home/zonca/zonca/p/software/healpy/healpixsubmodule/src/common_libraries/libsharp/install-sh'
libdir='${exec_prefix}/lib'
libexecdir='${exec_prefix}/libexec'
localedir='${datarootdir}/locale'
localstatedir='${prefix}/var'
mandir='${datarootdir}/man'
mkdir_p='$(MKDIR_P)'
oldincludedir='/usr/include'
pdfdir='${docdir}'
pkgconfig_libdir='${libdir}/pkgconfig'
pkgconfig_libfile='libsharp.pc'
prefix='/home/zonca/zonca/p/software/healpy/build/temp.linux-x86_64-3.7'
program_transform_name='s,x,x,'
psdir='${docdir}'
sbindir='${exec_prefix}/sbin'
sharedstatedir='${prefix}/com'
sysconfdir='${prefix}/etc'
target_alias=''

## ----------- ##
## confdefs.h. ##
## ----------- ##

/* confdefs.h */
#define PACKAGE_NAME "libsharp"
#define PACKAGE_TARNAME "libsharp"
#define PACKAGE_VERSION "1.0.0"
#define PACKAGE_STRING "libsharp 1.0.0"
#define PACKAGE_BUGREPORT ""
#define PACKAGE_URL ""
#define PACKAGE "libsharp"
#define VERSION "1.0.0"
#define STDC_HEADERS 1
#define HAVE_SYS_TYPES_H 1
#define HAVE_SYS_STAT_H 1
#define HAVE_STDLIB_H 1
#define HAVE_STRING_H 1
#define HAVE_MEMORY_H 1
#define HAVE_STRINGS_H 1
#define HAVE_INTTYPES_H 1
#define HAVE_STDINT_H 1
#define HAVE_UNISTD_H 1
#define HAVE_DLFCN_H 1
#define LT_OBJDIR ".libs/"

configure: exit 0
