This file contains any messages produced by compilers while
running configure, to aid debugging if configure makes a mistake.

It was created by healpix_cxx configure 3.60.0, which was
generated by GNU Autoconf 2.69.  Invocation command line was

  $ /home/zonca/zonca/p/software/healpy/healpixsubmodule/src/cxx/configure --prefix=/home/zonca/zonca/p/software/healpy/build/temp.linux-x86_64-3.7 --disable-shared --with-pic --disable-maintainer-mode

## --------- ##
## Platform. ##
## --------- ##

hostname = nebula.sdsc.edu
uname -m = x86_64
uname -r = 4.4.0-170-generic
uname -s = Linux
uname -v = #199-Ubuntu SMP Thu Nov 14 01:45:04 UTC 2019

/usr/bin/uname -p = unknown
/bin/uname -X     = unknown

/bin/arch              = unknown
/usr/bin/arch -k       = unknown
/usr/convex/getsysinfo = unknown
/usr/bin/hostinfo      = unknown
/bin/machine           = unknown
/usr/bin/oslevel       = unknown
/bin/universe          = unknown

PATH: /home/zonca/zonca/p/software/healpy/healpyvenv/bin
PATH: /home/zonca/.pyenv/plugins/pyenv-virtualenv/shims
PATH: /home/zonca/.pyenv/shims
PATH: /home/zonca/.pyenv/bin
PATH: /home/zonca/.poetry/bin
PATH: /home/zonca/anaconda/bin
PATH: /home/zonca/anaconda/condabin
PATH: /usr/local/sbin
PATH: /usr/local/bin
PATH: /usr/sbin
PATH: /usr/bin
PATH: /sbin
PATH: /bin
PATH: /usr/games
PATH: /usr/local/games
PATH: /home/zonca/go/bin
PATH: /snap/bin
PATH: /home/zonca/go/bin
PATH: /home/zonca/.local/bin
PATH: /home/zonca/bin
PATH: /home/zonca/go/bin


## ----------- ##
## Core tests. ##
## ----------- ##

configure:2429: checking for a BSD-compatible install
configure:2497: result: /usr/bin/install -c
configure:2508: checking whether build environment is sane
configure:2563: result: yes
configure:2714: checking for a thread-safe mkdir -p
configure:2753: result: /bin/mkdir -p
configure:2760: checking for gawk
configure:2776: found /usr/bin/gawk
configure:2787: result: gawk
configure:2798: checking whether make sets $(MAKE)
configure:2820: result: yes
configure:2849: checking whether make supports nested variables
configure:2866: result: yes
configure:2993: checking whether to enable maintainer-specific portions of Makefiles
configure:3002: result: no
configure:3020: checking whether make supports the include directive
configure:3035: make -f confmf.GNU && cat confinc.out
this is the am__doit target
configure:3038: $? = 0
configure:3057: result: yes (GNU style)
configure:3127: checking for gcc
configure:3154: result: x86_64-linux-gnu-gcc -pthread
configure:3383: checking for C compiler version
configure:3392: x86_64-linux-gnu-gcc -pthread --version >&5
x86_64-linux-gnu-gcc (Ubuntu 5.5.0-12ubuntu1~16.04) 5.5.0 20171010
Copyright (C) 2015 Free Software Foundation, Inc.
This is free software; see the source for copying conditions.  There is NO
warranty; not even for MERCHANTABILITY or FITNESS FOR A PARTICULAR PURPOSE.

configure:3403: $? = 0
configure:3392: x86_64-linux-gnu-gcc -pthread -v >&5
Using built-in specs.
COLLECT_GCC=x86_64-linux-gnu-gcc
COLLECT_LTO_WRAPPER=/usr/lib/gcc/x86_64-linux-gnu/5/lto-wrapper
Target: x86_64-linux-gnu
Configured with: ../src/configure -v --with-pkgversion='Ubuntu 5.5.0-12ubuntu1~16.04' --with-bugurl=file:///usr/share/doc/gcc-5/README.Bugs --enable-languages=c,ada,c++,java,go,d,fortran,objc,obj-c++ --prefix=/usr --program-suffix=-5 --enable-shared --enable-linker-build-id --libexecdir=/usr/lib --without-included-gettext --enable-threads=posix --libdir=/usr/lib --enable-nls --with-sysroot=/ --enable-clocale=gnu --enable-libstdcxx-debug --enable-libstdcxx-time=yes --with-default-libstdcxx-abi=new --enable-gnu-unique-object --disable-vtable-verify --enable-libmpx --enable-plugin --with-system-zlib --disable-browser-plugin --enable-java-awt=gtk --enable-gtk-cairo --with-java-home=/usr/lib/jvm/java-1.5.0-gcj-5-amd64/jre --enable-java-home --with-jvm-root-dir=/usr/lib/jvm/java-1.5.0-gcj-5-amd64 --with-jvm-jar-dir=/usr/lib/jvm-exports/java-1.5.0-gcj-5-amd64 --with-arch-directory=amd64 --with-ecj-jar=/usr/share/java/eclipse-ecj.jar --enable-objc-gc --enable-multiarch --disable-werror --with-arch-32=i686 --with-abi=m64 --with-multilib-list=m32,m64,mx32 --enable-multilib --with-tune=generic --enable-checking=release --build=x86_64-linux-gnu --host=x86_64-linux-gnu --target=x86_64-linux-gnu
Thread model: posix
gcc version 5.5.0 20171010 (Ubuntu 5.5.0-12ubuntu1~16.04) 
configure:3403: $? = 0
configure:3392: x86_64-linux-gnu-gcc -pthread -V >&5
x86_64-linux-gnu-gcc: error: unrecognized command line option '-V'
x86_64-linux-gnu-gcc: fatal error: no input files
compilation terminated.
configure:3403: $? = 1
configure:3392: x86_64-linux-gnu-gcc -pthread -qversion >&5
x86_64-linux-gnu-gcc: error: unrecognized command line option '-qversion'
x86_64-linux-gnu-gcc: fatal error: no input files
compilation terminated.
configure:3403: $? = 1
configure:3423: checking whether the C compiler works
configure:3445: x86_64-linux-gnu-gcc -pthread -Wno-unused-result -Wsign-compare -DNDEBUG -g -fwrapv -O2 -Wall -g -fstack-protector-strong -Wformat -Werror=format-security   conftest.c  >&5
configure:3449: $? = 0
configure:3497: result: yes
configure:3500: checking for C compiler default output file name
configure:3502: result: a.out
configure:3508: checking for suffix of executables
configure:3515: x86_64-linux-gnu-gcc -pthread -o conftest -Wno-unused-result -Wsign-compare -DNDEBUG -g -fwrapv -O2 -Wall -g -fstack-protector-strong -Wformat -Werror=format-security   conftest.c  >&5
configure:3519: $? = 0
configure:3541: result: 
configure:3563: checking whether we are cross compiling
configure:3571: x86_64-linux-gnu-gcc -pthread -o conftest -Wno-unused-result -Wsign-compare -DNDEBUG -g -fwrapv -O2 -Wall -g -fstack-protector-strong -Wformat -Werror=format-security   conftest.c  >&5
configure:3575: $? = 0
configure:3582: ./conftest
configure:3586: $? = 0
configure:3601: result: no
configure:3606: checking for suffix of object files
configure:3628: x86_64-linux-gnu-gcc -pthread -c -Wno-unused-result -Wsign-compare -DNDEBUG -g -fwrapv -O2 -Wall -g -fstack-protector-strong -Wformat -Werror=format-security  conftest.c >&5
configure:3632: $? = 0
configure:3653: result: o
configure:3657: checking whether we are using the GNU C compiler
configure:3676: x86_64-linux-gnu-gcc -pthread -c -Wno-unused-result -Wsign-compare -DNDEBUG -g -fwrapv -O2 -Wall -g -fstack-protector-strong -Wformat -Werror=format-security  conftest.c >&5
configure:3676: $? = 0
configure:3685: result: yes
configure:3694: checking whether x86_64-linux-gnu-gcc -pthread accepts -g
configure:3714: x86_64-linux-gnu-gcc -pthread -c -g  conftest.c >&5
configure:3714: $? = 0
configure:3755: result: yes
configure:3772: checking for x86_64-linux-gnu-gcc -pthread option to accept ISO C89
configure:3835: x86_64-linux-gnu-gcc -pthread  -c -Wno-unused-result -Wsign-compare -DNDEBUG -g -fwrapv -O2 -Wall -g -fstack-protector-strong -Wformat -Werror=format-security  conftest.c >&5
configure:3835: $? = 0
configure:3848: result: none needed
configure:3873: checking whether x86_64-linux-gnu-gcc -pthread understands -c and -o together
configure:3895: x86_64-linux-gnu-gcc -pthread -c conftest.c -o conftest2.o
configure:3898: $? = 0
configure:3895: x86_64-linux-gnu-gcc -pthread -c conftest.c -o conftest2.o
configure:3898: $? = 0
configure:3910: result: yes
configure:3929: checking dependency style of x86_64-linux-gnu-gcc -pthread
configure:4040: result: gcc3
configure:4105: checking for ar
configure:4121: found /usr/bin/ar
configure:4132: result: ar
configure:4158: checking the archiver (ar) interface
configure:4174: x86_64-linux-gnu-gcc -pthread -c -Wno-unused-result -Wsign-compare -DNDEBUG -g -fwrapv -O2 -Wall -g -fstack-protector-strong -Wformat -Werror=format-security  conftest.c >&5
configure:4174: $? = 0
configure:4176: ar cru libconftest.a conftest.o >&5
ar: `u' modifier ignored since `D' is the default (see `U')
configure:4179: $? = 0
configure:4207: result: ar
configure:4257: checking build system type
configure:4271: result: x86_64-pc-linux-gnu
configure:4291: checking host system type
configure:4304: result: x86_64-pc-linux-gnu
configure:4345: checking how to print strings
configure:4372: result: printf
configure:4393: checking for a sed that does not truncate output
configure:4457: result: /bin/sed
configure:4475: checking for grep that handles long lines and -e
configure:4533: result: /bin/grep
configure:4538: checking for egrep
configure:4600: result: /bin/grep -E
configure:4605: checking for fgrep
configure:4667: result: /bin/grep -F
configure:4702: checking for ld used by x86_64-linux-gnu-gcc -pthread
configure:4769: result: /usr/bin/ld
configure:4776: checking if the linker (/usr/bin/ld) is GNU ld
configure:4791: result: yes
configure:4803: checking for BSD- or MS-compatible name lister (nm)
configure:4857: result: /usr/bin/nm -B
configure:4987: checking the name lister (/usr/bin/nm -B) interface
configure:4994: x86_64-linux-gnu-gcc -pthread -c -Wno-unused-result -Wsign-compare -DNDEBUG -g -fwrapv -O2 -Wall -g -fstack-protector-strong -Wformat -Werror=format-security  conftest.c >&5
configure:4997: /usr/bin/nm -B "conftest.o"
configure:5000: output
0000000000000000 B some_variable
configure:5007: result: BSD nm
configure:5010: checking whether ln -s works
configure:5014: result: yes
configure:5022: checking the maximum length of command line arguments
configure:5153: result: 1572864
configure:5201: checking how to convert x86_64-pc-linux-gnu file names to x86_64-pc-linux-gnu format
configure:5241: result: func_convert_file_noop
configure:5248: checking how to convert x86_64-pc-linux-gnu file names to toolchain format
configure:5268: result: func_convert_file_noop
configure:5275: checking for /usr/bin/ld option to reload object files
configure:5282: result: -r
configure:5356: checking for objdump
configure:5372: found /usr/bin/objdump
configure:5383: result: objdump
configure:5415: checking how to recognize dependent libraries
configure:5615: result: pass_all
configure:5700: checking for dlltool
configure:5730: result: no
configure:5760: checking how to associate runtime and link libraries
configure:5787: result: printf %s\n
configure:5911: checking for archiver @FILE support
configure:5928: x86_64-linux-gnu-gcc -pthread -c -Wno-unused-result -Wsign-compare -DNDEBUG -g -fwrapv -O2 -Wall -g -fstack-protector-strong -Wformat -Werror=format-security  conftest.c >&5
configure:5928: $? = 0
configure:5931: ar cru libconftest.a @conftest.lst >&5
ar: `u' modifier ignored since `D' is the default (see `U')
configure:5934: $? = 0
configure:5939: ar cru libconftest.a @conftest.lst >&5
ar: `u' modifier ignored since `D' is the default (see `U')
ar: conftest.o: No such file or directory
configure:5942: $? = 1
configure:5954: result: @
configure:6012: checking for strip
configure:6028: found /usr/bin/strip
configure:6039: result: strip
configure:6111: checking for ranlib
configure:6127: found /usr/bin/ranlib
configure:6138: result: ranlib
configure:6240: checking command to parse /usr/bin/nm -B output from x86_64-linux-gnu-gcc -pthread object
configure:6393: x86_64-linux-gnu-gcc -pthread -c -Wno-unused-result -Wsign-compare -DNDEBUG -g -fwrapv -O2 -Wall -g -fstack-protector-strong -Wformat -Werror=format-security  conftest.c >&5
configure:6396: $? = 0
configure:6400: /usr/bin/nm -B conftest.o \| sed -n -e 's/^.*[ ]\([ABCDGIRSTW][ABCDGIRSTW]*\)[ ][ ]*\([_A-Za-z][_A-Za-z0-9]*\)$/\1 \2 \2/p' | sed '/ __gnu_lto/d' \> conftest.nm
configure:6403: $? = 0
configure:6469: x86_64-linux-gnu-gcc -pthread -o conftest -Wno-unused-result -Wsign-compare -DNDEBUG -g -fwrapv -O2 -Wall -g -fstack-protector-strong -Wformat -Werror=format-security   conftest.c conftstm.o >&5
configure:6472: $? = 0
configure:6510: result: ok
configure:6557: checking for sysroot
configure:6587: result: no
configure:6594: checking for a working dd
configure:6632: result: /bin/dd
configure:6636: checking how to truncate binary pipes
configure:6651: result: /bin/dd bs=4096 count=1
configure:6787: x86_64-linux-gnu-gcc -pthread -c -Wno-unused-result -Wsign-compare -DNDEBUG -g -fwrapv -O2 -Wall -g -fstack-protector-strong -Wformat -Werror=format-security  conftest.c >&5
configure:6790: $? = 0
configure:6980: checking for mt
configure:6996: found /bin/mt
configure:7007: result: mt
configure:7030: checking if mt is a manifest tool
configure:7036: mt '-?'
configure:7044: result: no
configure:7721: checking how to run the C preprocessor
configure:7752: x86_64-linux-gnu-gcc -pthread -E  conftest.c
configure:7752: $? = 0
configure:7766: x86_64-linux-gnu-gcc -pthread -E  conftest.c
conftest.c:11:28: fatal error: ac_nonexistent.h: No such file or directory
compilation terminated.
configure:7766: $? = 1
configure: failed program was:
| /* confdefs.h */
| #define PACKAGE_NAME "healpix_cxx"
| #define PACKAGE_TARNAME "healpix_cxx"
| #define PACKAGE_VERSION "3.60.0"
| #define PACKAGE_STRING "healpix_cxx 3.60.0"
| #define PACKAGE_BUGREPORT ""
| #define PACKAGE_URL ""
| #define PACKAGE "healpix_cxx"
| #define VERSION "3.60.0"
| /* end confdefs.h.  */
| #include <ac_nonexistent.h>
configure:7791: result: x86_64-linux-gnu-gcc -pthread -E
configure:7811: x86_64-linux-gnu-gcc -pthread -E  conftest.c
configure:7811: $? = 0
configure:7825: x86_64-linux-gnu-gcc -pthread -E  conftest.c
conftest.c:11:28: fatal error: ac_nonexistent.h: No such file or directory
compilation terminated.
configure:7825: $? = 1
configure: failed program was:
| /* confdefs.h */
| #define PACKAGE_NAME "healpix_cxx"
| #define PACKAGE_TARNAME "healpix_cxx"
| #define PACKAGE_VERSION "3.60.0"
| #define PACKAGE_STRING "healpix_cxx 3.60.0"
| #define PACKAGE_BUGREPORT ""
| #define PACKAGE_URL ""
| #define PACKAGE "healpix_cxx"
| #define VERSION "3.60.0"
| /* end confdefs.h.  */
| #include <ac_nonexistent.h>
configure:7854: checking for ANSI C header files
configure:7874: x86_64-linux-gnu-gcc -pthread -c -Wno-unused-result -Wsign-compare -DNDEBUG -g -fwrapv -O2 -Wall -g -fstack-protector-strong -Wformat -Werror=format-security  conftest.c >&5
configure:7874: $? = 0
configure:7947: x86_64-linux-gnu-gcc -pthread -o conftest -Wno-unused-result -Wsign-compare -DNDEBUG -g -fwrapv -O2 -Wall -g -fstack-protector-strong -Wformat -Werror=format-security   conftest.c  >&5
configure:7947: $? = 0
configure:7947: ./conftest
configure:7947: $? = 0
configure:7958: result: yes
configure:7971: checking for sys/types.h
configure:7971: x86_64-linux-gnu-gcc -pthread -c -Wno-unused-result -Wsign-compare -DNDEBUG -g -fwrapv -O2 -Wall -g -fstack-protector-strong -Wformat -Werror=format-security  conftest.c >&5
configure:7971: $? = 0
configure:7971: result: yes
configure:7971: checking for sys/stat.h
configure:7971: x86_64-linux-gnu-gcc -pthread -c -Wno-unused-result -Wsign-compare -DNDEBUG -g -fwrapv -O2 -Wall -g -fstack-protector-strong -Wformat -Werror=format-security  conftest.c >&5
configure:7971: $? = 0
configure:7971: result: yes
configure:7971: checking for stdlib.h
configure:7971: x86_64-linux-gnu-gcc -pthread -c -Wno-unused-result -Wsign-compare -DNDEBUG -g -fwrapv -O2 -Wall -g -fstack-protector-strong -Wformat -Werror=format-security  conftest.c >&5
configure:7971: $? = 0
configure:7971: result: yes
configure:7971: checking for string.h
configure:7971: x86_64-linux-gnu-gcc -pthread -c -Wno-unused-result -Wsign-compare -DNDEBUG -g -fwrapv -O2 -Wall -g -fstack-protector-strong -Wformat -Werror=format-security  conftest.c >&5
configure:7971: $? = 0
configure:7971: result: yes
configure:7971: checking for memory.h
configure:7971: x86_64-linux-gnu-gcc -pthread -c -Wno-unused-result -Wsign-compare -DNDEBUG -g -fwrapv -O2 -Wall -g -fstack-protector-strong -Wformat -Werror=format-security  conftest.c >&5
configure:7971: $? = 0
configure:7971: result: yes
configure:7971: checking for strings.h
configure:7971: x86_64-linux-gnu-gcc -pthread -c -Wno-unused-result -Wsign-compare -DNDEBUG -g -fwrapv -O2 -Wall -g -fstack-protector-strong -Wformat -Werror=format-security  conftest.c >&5
configure:7971: $? = 0
configure:7971: result: yes
configure:7971: checking for inttypes.h
configure:7971: x86_64-linux-gnu-gcc -pthread -c -Wno-unused-result -Wsign-compare -DNDEBUG -g -fwrapv -O2 -Wall -g -fstack-protector-strong -Wformat -Werror=format-security  conftest.c >&5
configure:7971: $? = 0
configure:7971: result: yes
configure:7971: checking for stdint.h
configure:7971: x86_64-linux-gnu-gcc -pthread -c -Wno-unused-result -Wsign-compare -DNDEBUG -g -fwrapv -O2 -Wall -g -fstack-protector-strong -Wformat -Werror=format-security  conftest.c >&5
configure:7971: $? = 0
configure:7971: result: yes
configure:7971: checking for unistd.h
configure:7971: x86_64-linux-gnu-gcc -pthread -c -Wno-unused-result -Wsign-compare -DNDEBUG -g -fwrapv -O2 -Wall -g -fstack-protector-strong -Wformat -Werror=format-security  conftest.c >&5
configure:7971: $? = 0
configure:7971: result: yes
configure:7985: checking for dlfcn.h
configure:7985: x86_64-linux-gnu-gcc -pthread -c -Wno-unused-result -Wsign-compare -DNDEBUG -g -fwrapv -O2 -Wall -g -fstack-protector-strong -Wformat -Werror=format-security  conftest.c >&5
configure:7985: $? = 0
configure:7985: result: yes
configure:8241: checking for objdir
configure:8256: result: .libs
configure:8520: checking if x86_64-linux-gnu-gcc -pthread supports -fno-rtti -fno-exceptions
configure:8538: x86_64-linux-gnu-gcc -pthread -c -Wno-unused-result -Wsign-compare -DNDEBUG -g -fwrapv -O2 -Wall -g -fstack-protector-strong -Wformat -Werror=format-security  -fno-rtti -fno-exceptions conftest.c >&5
cc1: warning: command line option '-fno-rtti' is valid for C++/ObjC++ but not for C
configure:8542: $? = 0
configure:8555: result: no
configure:8913: checking for x86_64-linux-gnu-gcc -pthread option to produce PIC
configure:8920: result: -fPIC -DPIC
configure:8928: checking if x86_64-linux-gnu-gcc -pthread PIC flag -fPIC -DPIC works
configure:8946: x86_64-linux-gnu-gcc -pthread -c -Wno-unused-result -Wsign-compare -DNDEBUG -g -fwrapv -O2 -Wall -g -fstack-protector-strong -Wformat -Werror=format-security  -fPIC -DPIC -DPIC conftest.c >&5
configure:8950: $? = 0
configure:8963: result: yes
configure:8992: checking if x86_64-linux-gnu-gcc -pthread static flag -static works
configure:9020: result: yes
configure:9035: checking if x86_64-linux-gnu-gcc -pthread supports -c -o file.o
configure:9056: x86_64-linux-gnu-gcc -pthread -c -Wno-unused-result -Wsign-compare -DNDEBUG -g -fwrapv -O2 -Wall -g -fstack-protector-strong -Wformat -Werror=format-security  -o out/conftest2.o conftest.c >&5
configure:9060: $? = 0
configure:9082: result: yes
configure:9090: checking if x86_64-linux-gnu-gcc -pthread supports -c -o file.o
configure:9137: result: yes
configure:9170: checking whether the x86_64-linux-gnu-gcc -pthread linker (/usr/bin/ld -m elf_x86_64) supports shared libraries
configure:10429: result: yes
configure:10669: checking dynamic linker characteristics
configure:11250: x86_64-linux-gnu-gcc -pthread -o conftest -Wno-unused-result -Wsign-compare -DNDEBUG -g -fwrapv -O2 -Wall -g -fstack-protector-strong -Wformat -Werror=format-security   -Wl,-rpath -Wl,/foo conftest.c  >&5
configure:11250: $? = 0
configure:11487: result: GNU/Linux ld.so
configure:11609: checking how to hardcode library paths into programs
configure:11634: result: immediate
configure:12182: checking whether stripping libraries is possible
configure:12187: result: yes
configure:12222: checking if libtool supports shared libraries
configure:12224: result: yes
configure:12227: checking whether to build shared libraries
configure:12252: result: no
configure:12255: checking whether to build static libraries
configure:12259: result: yes
configure:12311: checking whether make supports nested variables
configure:12328: result: yes
configure:12340: checking for x86_64-linux-gnu-gcc -pthread option to accept ISO C99
configure:12489: x86_64-linux-gnu-gcc -pthread  -c -Wno-unused-result -Wsign-compare -DNDEBUG -g -fwrapv -O2 -Wall -g -fstack-protector-strong -Wformat -Werror=format-security  conftest.c >&5
conftest.c: In function 'test_varargs':
conftest.c:94:9: warning: variable 'fnumber' set but not used [-Wunused-but-set-variable]
   float fnumber;
         ^
conftest.c:93:7: warning: variable 'number' set but not used [-Wunused-but-set-variable]
   int number;
       ^
conftest.c:92:15: warning: variable 'str' set but not used [-Wunused-but-set-variable]
   const char *str;
               ^
configure:12489: $? = 0
configure:12502: result: none needed
configure:12525: checking for x86_64-linux-gnu-gcc -pthread option to support OpenMP
configure:12540: x86_64-linux-gnu-gcc -pthread -o conftest -Wno-unused-result -Wsign-compare -DNDEBUG -g -fwrapv -O2 -Wall -g -fstack-protector-strong -Wformat -Werror=format-security   conftest.c  >&5
conftest.c:25:2: error: unknown type name 'choke'
  choke me
  ^
In file included from conftest.c:27:0:
/usr/lib/gcc/x86_64-linux-gnu/5/include/omp.h:35:1: error: expected '=', ',', ';', 'asm' or '__attribute__' before 'typedef'
 typedef struct
 ^
configure:12540: $? = 1
configure: failed program was:
| /* confdefs.h */
| #define PACKAGE_NAME "healpix_cxx"
| #define PACKAGE_TARNAME "healpix_cxx"
| #define PACKAGE_VERSION "3.60.0"
| #define PACKAGE_STRING "healpix_cxx 3.60.0"
| #define PACKAGE_BUGREPORT ""
| #define PACKAGE_URL ""
| #define PACKAGE "healpix_cxx"
| #define VERSION "3.60.0"
| #define STDC_HEADERS 1
| #define HAVE_SYS_TYPES_H 1
| #define HAVE_SYS_STAT_H 1
| #define HAVE_STDLIB_H 1
| #define HAVE_STRING_H 1
| #define HAVE_MEMORY_H 1
| #define HAVE_STRINGS_H 1
| #define HAVE_INTTYPES_H 1
| #define HAVE_STDINT_H 1
| #define HAVE_UNISTD_H 1
| #define HAVE_DLFCN_H 1
| #define LT_OBJDIR ".libs/"
| /* end confdefs.h.  */
| 
| #ifndef _OPENMP
|  choke me
| #endif
| #include <omp.h>
| int main () { return omp_get_num_threads (); }
| 
configure:12558: x86_64-linux-gnu-gcc -pthread -o conftest -Wno-unused-result -Wsign-compare -DNDEBUG -g -fwrapv -O2 -Wall -g -fstack-protector-strong -Wformat -Werror=format-security -fopenmp   conftest.c  >&5
configure:12558: $? = 0
configure:12572: result: -fopenmp
configure:12698: checking for C++ compiler version
configure:12707: x86_64-linux-gnu-g++ -pthread --version >&5
x86_64-linux-gnu-g++ (Ubuntu 5.5.0-12ubuntu1~16.04) 5.5.0 20171010
Copyright (C) 2015 Free Software Foundation, Inc.
This is free software; see the source for copying conditions.  There is NO
warranty; not even for MERCHANTABILITY or FITNESS FOR A PARTICULAR PURPOSE.

configure:12718: $? = 0
configure:12707: x86_64-linux-gnu-g++ -pthread -v >&5
Using built-in specs.
COLLECT_GCC=x86_64-linux-gnu-g++
COLLECT_LTO_WRAPPER=/usr/lib/gcc/x86_64-linux-gnu/5/lto-wrapper
Target: x86_64-linux-gnu
Configured with: ../src/configure -v --with-pkgversion='Ubuntu 5.5.0-12ubuntu1~16.04' --with-bugurl=file:///usr/share/doc/gcc-5/README.Bugs --enable-languages=c,ada,c++,java,go,d,fortran,objc,obj-c++ --prefix=/usr --program-suffix=-5 --enable-shared --enable-linker-build-id --libexecdir=/usr/lib --without-included-gettext --enable-threads=posix --libdir=/usr/lib --enable-nls --with-sysroot=/ --enable-clocale=gnu --enable-libstdcxx-debug --enable-libstdcxx-time=yes --with-default-libstdcxx-abi=new --enable-gnu-unique-object --disable-vtable-verify --enable-libmpx --enable-plugin --with-system-zlib --disable-browser-plugin --enable-java-awt=gtk --enable-gtk-cairo --with-java-home=/usr/lib/jvm/java-1.5.0-gcj-5-amd64/jre --enable-java-home --with-jvm-root-dir=/usr/lib/jvm/java-1.5.0-gcj-5-amd64 --with-jvm-jar-dir=/usr/lib/jvm-exports/java-1.5.0-gcj-5-amd64 --with-arch-directory=amd64 --with-ecj-jar=/usr/share/java/eclipse-ecj.jar --enable-objc-gc --enable-multiarch --disable-werror --with-arch-32=i686 --with-abi=m64 --with-multilib-list=m32,m64,mx32 --enable-multilib --with-tune=generic --enable-checking=release --build=x86_64-linux-gnu --host=x86_64-linux-gnu --target=x86_64-linux-gnu
Thread model: posix
gcc version 5.5.0 20171010 (Ubuntu 5.5.0-12ubuntu1~16.04) 
configure:12718: $? = 0
configure:12707: x86_64-linux-gnu-g++ -pthread -V >&5
x86_64-linux-gnu-g++: error: unrecognized command line option '-V'
x86_64-linux-gnu-g++: fatal error: no input files
compilation terminated.
configure:12718: $? = 1
configure:12707: x86_64-linux-gnu-g++ -pthread -qversion >&5
x86_64-linux-gnu-g++: error: unrecognized command line option '-qversion'
x86_64-linux-gnu-g++: fatal error: no input files
compilation terminated.
configure:12718: $? = 1
configure:12722: checking whether we are using the GNU C++ compiler
configure:12741: x86_64-linux-gnu-g++ -pthread -c -Wno-unused-result -Wsign-compare -DNDEBUG -g -fwrapv -O2 -Wall -g -fstack-protector-strong -Wformat -Werror=format-security  -fopenmp conftest.cpp >&5
configure:12741: $? = 0
configure:12750: result: yes
configure:12759: checking whether x86_64-linux-gnu-g++ -pthread accepts -g
configure:12779: x86_64-linux-gnu-g++ -pthread -c -g  -fopenmp conftest.cpp >&5
configure:12779: $? = 0
configure:12820: result: yes
configure:12845: checking dependency style of x86_64-linux-gnu-g++ -pthread
configure:12956: result: gcc3
configure:12989: checking how to run the C++ preprocessor
configure:13016: x86_64-linux-gnu-g++ -pthread -E  -fopenmp conftest.cpp
configure:13016: $? = 0
configure:13030: x86_64-linux-gnu-g++ -pthread -E  -fopenmp conftest.cpp
conftest.cpp:23:28: fatal error: ac_nonexistent.h: No such file or directory
compilation terminated.
configure:13030: $? = 1
configure: failed program was:
| /* confdefs.h */
| #define PACKAGE_NAME "healpix_cxx"
| #define PACKAGE_TARNAME "healpix_cxx"
| #define PACKAGE_VERSION "3.60.0"
| #define PACKAGE_STRING "healpix_cxx 3.60.0"
| #define PACKAGE_BUGREPORT ""
| #define PACKAGE_URL ""
| #define PACKAGE "healpix_cxx"
| #define VERSION "3.60.0"
| #define STDC_HEADERS 1
| #define HAVE_SYS_TYPES_H 1
| #define HAVE_SYS_STAT_H 1
| #define HAVE_STDLIB_H 1
| #define HAVE_STRING_H 1
| #define HAVE_MEMORY_H 1
| #define HAVE_STRINGS_H 1
| #define HAVE_INTTYPES_H 1
| #define HAVE_STDINT_H 1
| #define HAVE_UNISTD_H 1
| #define HAVE_DLFCN_H 1
| #define LT_OBJDIR ".libs/"
| /* end confdefs.h.  */
| #include <ac_nonexistent.h>
configure:13055: result: x86_64-linux-gnu-g++ -pthread -E
configure:13075: x86_64-linux-gnu-g++ -pthread -E  -fopenmp conftest.cpp
configure:13075: $? = 0
configure:13089: x86_64-linux-gnu-g++ -pthread -E  -fopenmp conftest.cpp
conftest.cpp:23:28: fatal error: ac_nonexistent.h: No such file or directory
compilation terminated.
configure:13089: $? = 1
configure: failed program was:
| /* confdefs.h */
| #define PACKAGE_NAME "healpix_cxx"
| #define PACKAGE_TARNAME "healpix_cxx"
| #define PACKAGE_VERSION "3.60.0"
| #define PACKAGE_STRING "healpix_cxx 3.60.0"
| #define PACKAGE_BUGREPORT ""
| #define PACKAGE_URL ""
| #define PACKAGE "healpix_cxx"
| #define VERSION "3.60.0"
| #define STDC_HEADERS 1
| #define HAVE_SYS_TYPES_H 1
| #define HAVE_SYS_STAT_H 1
| #define HAVE_STDLIB_H 1
| #define HAVE_STRING_H 1
| #define HAVE_MEMORY_H 1
| #define HAVE_STRINGS_H 1
| #define HAVE_INTTYPES_H 1
| #define HAVE_STDINT_H 1
| #define HAVE_UNISTD_H 1
| #define HAVE_DLFCN_H 1
| #define LT_OBJDIR ".libs/"
| /* end confdefs.h.  */
| #include <ac_nonexistent.h>
configure:13251: checking for ld used by x86_64-linux-gnu-g++ -pthread
configure:13318: result: /usr/bin/ld -m elf_x86_64
configure:13325: checking if the linker (/usr/bin/ld -m elf_x86_64) is GNU ld
configure:13340: result: yes
configure:13395: checking whether the x86_64-linux-gnu-g++ -pthread linker (/usr/bin/ld -m elf_x86_64) supports shared libraries
configure:14468: result: yes
configure:14504: x86_64-linux-gnu-g++ -pthread -c -Wno-unused-result -Wsign-compare -DNDEBUG -g -fwrapv -O2 -Wall -g -fstack-protector-strong -Wformat -Werror=format-security  -fopenmp conftest.cpp >&5
configure:14507: $? = 0
configure:14988: checking for x86_64-linux-gnu-g++ -pthread option to produce PIC
configure:14995: result: -fPIC -DPIC
configure:15003: checking if x86_64-linux-gnu-g++ -pthread PIC flag -fPIC -DPIC works
configure:15021: x86_64-linux-gnu-g++ -pthread -c -Wno-unused-result -Wsign-compare -DNDEBUG -g -fwrapv -O2 -Wall -g -fstack-protector-strong -Wformat -Werror=format-security  -fopenmp -fPIC -DPIC -DPIC conftest.cpp >&5
configure:15025: $? = 0
configure:15038: result: yes
configure:15061: checking if x86_64-linux-gnu-g++ -pthread static flag -static works
configure:15089: result: yes
configure:15101: checking if x86_64-linux-gnu-g++ -pthread supports -c -o file.o
configure:15122: x86_64-linux-gnu-g++ -pthread -c -Wno-unused-result -Wsign-compare -DNDEBUG -g -fwrapv -O2 -Wall -g -fstack-protector-strong -Wformat -Werror=format-security  -fopenmp -o out/conftest2.o conftest.cpp >&5
configure:15126: $? = 0
configure:15148: result: yes
configure:15153: checking if x86_64-linux-gnu-g++ -pthread supports -c -o file.o
configure:15200: result: yes
configure:15230: checking whether the x86_64-linux-gnu-g++ -pthread linker (/usr/bin/ld -m elf_x86_64) supports shared libraries
configure:15270: result: yes
configure:15411: checking dynamic linker characteristics
configure:16156: result: GNU/Linux ld.so
configure:16221: checking how to hardcode library paths into programs
configure:16246: result: immediate
configure:16299: checking whether x86_64-linux-gnu-g++ -pthread supports C++11 features by default
configure:16593: x86_64-linux-gnu-g++ -pthread -c -Wno-unused-result -Wsign-compare -DNDEBUG -g -fwrapv -O2 -Wall -g -fstack-protector-strong -Wformat -Werror=format-security  -fopenmp conftest.cpp >&5
conftest.cpp:34:2: error: #error "This is not a C++11 compiler"
 #error "This is not a C++11 compiler"
  ^
configure:16593: $? = 1
configure: failed program was:
| /* confdefs.h */
| #define PACKAGE_NAME "healpix_cxx"
| #define PACKAGE_TARNAME "healpix_cxx"
| #define PACKAGE_VERSION "3.60.0"
| #define PACKAGE_STRING "healpix_cxx 3.60.0"
| #define PACKAGE_BUGREPORT ""
| #define PACKAGE_URL ""
| #define PACKAGE "healpix_cxx"
| #define VERSION "3.60.0"
| #define STDC_HEADERS 1
| #define HAVE_SYS_TYPES_H 1
| #define HAVE_SYS_STAT_H 1
| #define HAVE_STDLIB_H 1
| #define HAVE_STRING_H 1
| #define HAVE_MEMORY_H 1
| #define HAVE_STRINGS_H 1
| #define HAVE_INTTYPES_H 1
| #define HAVE_STDINT_H 1
| #define HAVE_UNISTD_H 1
| #define HAVE_DLFCN_H 1
| #define LT_OBJDIR ".libs/"
| /* end confdefs.h.  */
| 
| 
| // If the compiler admits that it is not ready for C++11, why torture it?
| // Hopefully, this will speed up the test.
| 
| #ifndef __cplusplus
| 
| #error "This is not a C++ compiler"
| 
| #elif __cplusplus < 201103L
| 
| #error "This is not a C++11 compiler"
| 
| #else
| 
| namespace cxx11
| {
| 
|   namespace test_static_assert
|   {
| 
|     template <typename T>
|     struct check
|     {
|       static_assert(sizeof(int) <= sizeof(T), "not big enough");
|     };
| 
|   }
| 
|   namespace test_final_override
|   {
| 
|     struct Base
|     {
|       virtual void f() {}
|     };
| 
|     struct Derived : public Base
|     {
|       virtual void f() override {}
|     };
| 
|   }
| 
|   namespace test_double_right_angle_brackets
|   {
| 
|     template < typename T >
|     struct check {};
| 
|     typedef check<void> single_type;
|     typedef check<check<void>> double_type;
|     typedef check<check<check<void>>> triple_type;
|     typedef check<check<check<check<void>>>> quadruple_type;
| 
|   }
| 
|   namespace test_decltype
|   {
| 
|     int
|     f()
|     {
|       int a = 1;
|       decltype(a) b = 2;
|       return a + b;
|     }
| 
|   }
| 
|   namespace test_type_deduction
|   {
| 
|     template < typename T1, typename T2 >
|     struct is_same
|     {
|       static const bool value = false;
|     };
| 
|     template < typename T >
|     struct is_same<T, T>
|     {
|       static const bool value = true;
|     };
| 
|     template < typename T1, typename T2 >
|     auto
|     add(T1 a1, T2 a2) -> decltype(a1 + a2)
|     {
|       return a1 + a2;
|     }
| 
|     int
|     test(const int c, volatile int v)
|     {
|       static_assert(is_same<int, decltype(0)>::value == true, "");
|       static_assert(is_same<int, decltype(c)>::value == false, "");
|       static_assert(is_same<int, decltype(v)>::value == false, "");
|       auto ac = c;
|       auto av = v;
|       auto sumi = ac + av + 'x';
|       auto sumf = ac + av + 1.0;
|       static_assert(is_same<int, decltype(ac)>::value == true, "");
|       static_assert(is_same<int, decltype(av)>::value == true, "");
|       static_assert(is_same<int, decltype(sumi)>::value == true, "");
|       static_assert(is_same<int, decltype(sumf)>::value == false, "");
|       static_assert(is_same<int, decltype(add(c, v))>::value == true, "");
|       return (sumf > 0.0) ? sumi : add(c, v);
|     }
| 
|   }
| 
|   namespace test_noexcept
|   {
| 
|     int f() { return 0; }
|     int g() noexcept { return 0; }
| 
|     static_assert(noexcept(f()) == false, "");
|     static_assert(noexcept(g()) == true, "");
| 
|   }
| 
|   namespace test_constexpr
|   {
| 
|     template < typename CharT >
|     unsigned long constexpr
|     strlen_c_r(const CharT *const s, const unsigned long acc) noexcept
|     {
|       return *s ? strlen_c_r(s + 1, acc + 1) : acc;
|     }
| 
|     template < typename CharT >
|     unsigned long constexpr
|     strlen_c(const CharT *const s) noexcept
|     {
|       return strlen_c_r(s, 0UL);
|     }
| 
|     static_assert(strlen_c("") == 0UL, "");
|     static_assert(strlen_c("1") == 1UL, "");
|     static_assert(strlen_c("example") == 7UL, "");
|     static_assert(strlen_c("another\0example") == 7UL, "");
| 
|   }
| 
|   namespace test_rvalue_references
|   {
| 
|     template < int N >
|     struct answer
|     {
|       static constexpr int value = N;
|     };
| 
|     answer<1> f(int&)       { return answer<1>(); }
|     answer<2> f(const int&) { return answer<2>(); }
|     answer<3> f(int&&)      { return answer<3>(); }
| 
|     void
|     test()
|     {
|       int i = 0;
|       const int c = 0;
|       static_assert(decltype(f(i))::value == 1, "");
|       static_assert(decltype(f(c))::value == 2, "");
|       static_assert(decltype(f(0))::value == 3, "");
|     }
| 
|   }
| 
|   namespace test_uniform_initialization
|   {
| 
|     struct test
|     {
|       static const int zero {};
|       static const int one {1};
|     };
| 
|     static_assert(test::zero == 0, "");
|     static_assert(test::one == 1, "");
| 
|   }
| 
|   namespace test_lambdas
|   {
| 
|     void
|     test1()
|     {
|       auto lambda1 = [](){};
|       auto lambda2 = lambda1;
|       lambda1();
|       lambda2();
|     }
| 
|     int
|     test2()
|     {
|       auto a = [](int i, int j){ return i + j; }(1, 2);
|       auto b = []() -> int { return '0'; }();
|       auto c = [=](){ return a + b; }();
|       auto d = [&](){ return c; }();
|       auto e = [a, &b](int x) mutable {
|         const auto identity = [](int y){ return y; };
|         for (auto i = 0; i < a; ++i)
|           a += b--;
|         return x + identity(a + b);
|       }(0);
|       return a + b + c + d + e;
|     }
| 
|     int
|     test3()
|     {
|       const auto nullary = [](){ return 0; };
|       const auto unary = [](int x){ return x; };
|       using nullary_t = decltype(nullary);
|       using unary_t = decltype(unary);
|       const auto higher1st = [](nullary_t f){ return f(); };
|       const auto higher2nd = [unary](nullary_t f1){
|         return [unary, f1](unary_t f2){ return f2(unary(f1())); };
|       };
|       return higher1st(nullary) + higher2nd(nullary)(unary);
|     }
| 
|   }
| 
|   namespace test_variadic_templates
|   {
| 
|     template <int...>
|     struct sum;
| 
|     template <int N0, int... N1toN>
|     struct sum<N0, N1toN...>
|     {
|       static constexpr auto value = N0 + sum<N1toN...>::value;
|     };
| 
|     template <>
|     struct sum<>
|     {
|       static constexpr auto value = 0;
|     };
| 
|     static_assert(sum<>::value == 0, "");
|     static_assert(sum<1>::value == 1, "");
|     static_assert(sum<23>::value == 23, "");
|     static_assert(sum<1, 2>::value == 3, "");
|     static_assert(sum<5, 5, 11>::value == 21, "");
|     static_assert(sum<2, 3, 5, 7, 11, 13>::value == 41, "");
| 
|   }
| 
|   // http://stackoverflow.com/questions/13728184/template-aliases-and-sfinae
|   // Clang 3.1 fails with headers of libstd++ 4.8.3 when using std::function
|   // because of this.
|   namespace test_template_alias_sfinae
|   {
| 
|     struct foo {};
| 
|     template<typename T>
|     using member = typename T::member_type;
| 
|     template<typename T>
|     void func(...) {}
| 
|     template<typename T>
|     void func(member<T>*) {}
| 
|     void test();
| 
|     void test() { func<foo>(0); }
| 
|   }
| 
| }  // namespace cxx11
| 
| #endif  // __cplusplus >= 201103L
| 
| 
| 
configure:16600: result: no
configure:16609: checking whether x86_64-linux-gnu-g++ -pthread supports C++11 features with -std=gnu++11
configure:16905: x86_64-linux-gnu-g++ -pthread -std=gnu++11 -c -Wno-unused-result -Wsign-compare -DNDEBUG -g -fwrapv -O2 -Wall -g -fstack-protector-strong -Wformat -Werror=format-security  -fopenmp conftest.cpp >&5
configure:16905: $? = 0
configure:16914: result: yes
configure:17278: checking for x86_64-linux-gnu-g++ -pthread -std=gnu++11 option to support OpenMP
configure:17293: x86_64-linux-gnu-g++ -pthread -std=gnu++11 -o conftest -Wno-unused-result -Wsign-compare -DNDEBUG -g -fwrapv -O2 -Wall -g -fstack-protector-strong -Wformat -Werror=format-security  -fopenmp  conftest.cpp  >&5
configure:17293: $? = 0
configure:17325: result: none needed
configure:17455: checking pkg-config is at least version 0.9.0
configure:17458: result: yes
configure:17468: checking for cfitsio
configure:17475: $PKG_CONFIG --exists --print-errors "cfitsio"
configure:17478: $? = 0
configure:17492: $PKG_CONFIG --exists --print-errors "cfitsio"
configure:17495: $? = 0
configure:17533: result: yes
configure:17544: checking for ffgnrwll in -lcfitsio
configure:17569: x86_64-linux-gnu-gcc -pthread -o conftest -Wno-unused-result -Wsign-compare -DNDEBUG -g -fwrapv -O2 -Wall -g -fstack-protector-strong -Wformat -Werror=format-security -fopenmp -I/home/zonca/zonca/p/software/healpy/build/temp.linux-x86_64-3.7/include  -fopenmp  conftest.c -lcfitsio   -L/home/zonca/zonca/p/software/healpy/build/temp.linux-x86_64-3.7/lib -lcfitsio -lm >&5
/home/zonca/zonca/p/software/healpy/build/temp.linux-x86_64-3.7/lib/libcfitsio.a(cfileio.o): In function `ffihtps':
/home/zonca/zonca/p/software/healpy/build/temp.linux-x86_64-3.7/cfitsio/cfileio.c:7861: undefined reference to `curl_global_init'
/home/zonca/zonca/p/software/healpy/build/temp.linux-x86_64-3.7/lib/libcfitsio.a(cfileio.o): In function `ffchtps':
/home/zonca/zonca/p/software/healpy/build/temp.linux-x86_64-3.7/cfitsio/cfileio.c:7874: undefined reference to `curl_global_cleanup'
/home/zonca/zonca/p/software/healpy/build/temp.linux-x86_64-3.7/lib/libcfitsio.a(drvrnet.o): In function `ssl_get_with_curl':
/home/zonca/zonca/p/software/healpy/build/temp.linux-x86_64-3.7/cfitsio/drvrnet.c:1860: undefined reference to `curl_easy_init'
/home/zonca/zonca/p/software/healpy/build/temp.linux-x86_64-3.7/cfitsio/drvrnet.c:1862: undefined reference to `curl_easy_setopt'
/home/zonca/zonca/p/software/healpy/build/temp.linux-x86_64-3.7/cfitsio/drvrnet.c:1869: undefined reference to `curl_easy_setopt'
/home/zonca/zonca/p/software/healpy/build/temp.linux-x86_64-3.7/cfitsio/drvrnet.c:1871: undefined reference to `curl_easy_setopt'
/home/zonca/zonca/p/software/healpy/build/temp.linux-x86_64-3.7/cfitsio/drvrnet.c:1872: undefined reference to `curl_easy_setopt'
/home/zonca/zonca/p/software/healpy/build/temp.linux-x86_64-3.7/cfitsio/drvrnet.c:1874: undefined reference to `curl_easy_setopt'
/home/zonca/zonca/p/software/healpy/build/temp.linux-x86_64-3.7/lib/libcfitsio.a(drvrnet.o):/home/zonca/zonca/p/software/healpy/build/temp.linux-x86_64-3.7/cfitsio/drvrnet.c:1878: more undefined references to `curl_easy_setopt' follow
/home/zonca/zonca/p/software/healpy/build/temp.linux-x86_64-3.7/lib/libcfitsio.a(drvrnet.o): In function `ssl_get_with_curl':
/home/zonca/zonca/p/software/healpy/build/temp.linux-x86_64-3.7/cfitsio/drvrnet.c:1918: undefined reference to `curl_easy_perform'
/home/zonca/zonca/p/software/healpy/build/temp.linux-x86_64-3.7/cfitsio/drvrnet.c:1944: undefined reference to `curl_easy_setopt'
/home/zonca/zonca/p/software/healpy/build/temp.linux-x86_64-3.7/cfitsio/drvrnet.c:1945: undefined reference to `curl_easy_setopt'
/home/zonca/zonca/p/software/healpy/build/temp.linux-x86_64-3.7/cfitsio/drvrnet.c:1947: undefined reference to `curl_easy_perform'
/home/zonca/zonca/p/software/healpy/build/temp.linux-x86_64-3.7/cfitsio/drvrnet.c:1970: undefined reference to `curl_easy_setopt'
/home/zonca/zonca/p/software/healpy/build/temp.linux-x86_64-3.7/cfitsio/drvrnet.c:1972: undefined reference to `curl_easy_perform'
/home/zonca/zonca/p/software/healpy/build/temp.linux-x86_64-3.7/cfitsio/drvrnet.c:1892: undefined reference to `curl_easy_setopt'
/home/zonca/zonca/p/software/healpy/build/temp.linux-x86_64-3.7/cfitsio/drvrnet.c:1893: undefined reference to `curl_easy_setopt'
/home/zonca/zonca/p/software/healpy/build/temp.linux-x86_64-3.7/cfitsio/drvrnet.c:1894: undefined reference to `curl_easy_setopt'
/home/zonca/zonca/p/software/healpy/build/temp.linux-x86_64-3.7/cfitsio/drvrnet.c:2045: undefined reference to `curl_easy_cleanup'
/home/zonca/zonca/p/software/healpy/build/temp.linux-x86_64-3.7/cfitsio/drvrnet.c:2056: undefined reference to `curl_easy_cleanup'
/home/zonca/zonca/p/software/healpy/build/temp.linux-x86_64-3.7/cfitsio/drvrnet.c:2017: undefined reference to `curl_easy_setopt'
/home/zonca/zonca/p/software/healpy/build/temp.linux-x86_64-3.7/cfitsio/drvrnet.c:2018: undefined reference to `curl_easy_perform'
/home/zonca/zonca/p/software/healpy/build/temp.linux-x86_64-3.7/cfitsio/drvrnet.c:2025: undefined reference to `curl_easy_setopt'
/home/zonca/zonca/p/software/healpy/build/temp.linux-x86_64-3.7/cfitsio/drvrnet.c:2026: undefined reference to `curl_easy_perform'
/home/zonca/zonca/p/software/healpy/build/temp.linux-x86_64-3.7/cfitsio/drvrnet.c:1954: undefined reference to `curl_easy_setopt'
/home/zonca/zonca/p/software/healpy/build/temp.linux-x86_64-3.7/cfitsio/drvrnet.c:1956: undefined reference to `curl_easy_perform'
collect2: error: ld returned 1 exit status
configure:17569: $? = 1
configure: failed program was:
| /* confdefs.h */
| #define PACKAGE_NAME "healpix_cxx"
| #define PACKAGE_TARNAME "healpix_cxx"
| #define PACKAGE_VERSION "3.60.0"
| #define PACKAGE_STRING "healpix_cxx 3.60.0"
| #define PACKAGE_BUGREPORT ""
| #define PACKAGE_URL ""
| #define PACKAGE "healpix_cxx"
| #define VERSION "3.60.0"
| #define STDC_HEADERS 1
| #define HAVE_SYS_TYPES_H 1
| #define HAVE_SYS_STAT_H 1
| #define HAVE_STDLIB_H 1
| #define HAVE_STRING_H 1
| #define HAVE_MEMORY_H 1
| #define HAVE_STRINGS_H 1
| #define HAVE_INTTYPES_H 1
| #define HAVE_STDINT_H 1
| #define HAVE_UNISTD_H 1
| #define HAVE_DLFCN_H 1
| #define LT_OBJDIR ".libs/"
| #define HAVE_CXX11 1
| /* end confdefs.h.  */
| 
| /* Override any GCC internal prototype to avoid an error.
|    Use char because int might match the return type of a GCC
|    builtin and then its argument prototype would still apply.  */
| #ifdef __cplusplus
| extern "C"
| #endif
| char ffgnrwll ();
| int
| main ()
| {
| return ffgnrwll ();
|   ;
|   return 0;
| }
configure:17578: result: no
configure:17583: error: could not find the cfitsio library

## ---------------- ##
## Cache variables. ##
## ---------------- ##

ac_cv_build=x86_64-pc-linux-gnu
ac_cv_c_compiler_gnu=yes
ac_cv_cxx_compiler_gnu=yes
ac_cv_env_CCC_set=
ac_cv_env_CCC_value=
ac_cv_env_CC_set=set
ac_cv_env_CC_value='x86_64-linux-gnu-gcc -pthread'
ac_cv_env_CFITSIO_CFLAGS_set=
ac_cv_env_CFITSIO_CFLAGS_value=
ac_cv_env_CFITSIO_LIBS_set=
ac_cv_env_CFITSIO_LIBS_value=
ac_cv_env_CFLAGS_set=set
ac_cv_env_CFLAGS_value='-Wno-unused-result -Wsign-compare -DNDEBUG -g -fwrapv -O2 -Wall -g -fstack-protector-strong -Wformat -Werror=format-security'
ac_cv_env_CPPFLAGS_set=
ac_cv_env_CPPFLAGS_value=
ac_cv_env_CPP_set=
ac_cv_env_CPP_value=
ac_cv_env_CXXCPP_set=
ac_cv_env_CXXCPP_value=
ac_cv_env_CXXFLAGS_set=set
ac_cv_env_CXXFLAGS_value='-Wno-unused-result -Wsign-compare -DNDEBUG -g -fwrapv -O2 -Wall -g -fstack-protector-strong -Wformat -Werror=format-security'
ac_cv_env_CXX_set=set
ac_cv_env_CXX_value='x86_64-linux-gnu-g++ -pthread'
ac_cv_env_LDFLAGS_set=
ac_cv_env_LDFLAGS_value=
ac_cv_env_LIBS_set=
ac_cv_env_LIBS_value=
ac_cv_env_LT_SYS_LIBRARY_PATH_set=
ac_cv_env_LT_SYS_LIBRARY_PATH_value=
ac_cv_env_PKG_CONFIG_LIBDIR_set=
ac_cv_env_PKG_CONFIG_LIBDIR_value=
ac_cv_env_PKG_CONFIG_PATH_set=set
ac_cv_env_PKG_CONFIG_PATH_value=/home/zonca/zonca/p/software/healpy/build/temp.linux-x86_64-3.7/lib64/pkgconfig:/home/zonca/zonca/p/software/healpy/build/temp.linux-x86_64-3.7/lib/pkgconfig
ac_cv_env_PKG_CONFIG_set=set
ac_cv_env_PKG_CONFIG_value=pkg-config
ac_cv_env_SHARP_CFLAGS_set=
ac_cv_env_SHARP_CFLAGS_value=
ac_cv_env_SHARP_LIBS_set=
ac_cv_env_SHARP_LIBS_value=
ac_cv_env_build_alias_set=
ac_cv_env_build_alias_value=
ac_cv_env_host_alias_set=
ac_cv_env_host_alias_value=
ac_cv_env_target_alias_set=
ac_cv_env_target_alias_value=
ac_cv_header_dlfcn_h=yes
ac_cv_header_inttypes_h=yes
ac_cv_header_memory_h=yes
ac_cv_header_stdc=yes
ac_cv_header_stdint_h=yes
ac_cv_header_stdlib_h=yes
ac_cv_header_string_h=yes
ac_cv_header_strings_h=yes
ac_cv_header_sys_stat_h=yes
ac_cv_header_sys_types_h=yes
ac_cv_header_unistd_h=yes
ac_cv_host=x86_64-pc-linux-gnu
ac_cv_lib_cfitsio_ffgnrwll=no
ac_cv_objext=o
ac_cv_path_EGREP='/bin/grep -E'
ac_cv_path_FGREP='/bin/grep -F'
ac_cv_path_GREP=/bin/grep
ac_cv_path_SED=/bin/sed
ac_cv_path_install='/usr/bin/install -c'
ac_cv_path_lt_DD=/bin/dd
ac_cv_path_mkdir=/bin/mkdir
ac_cv_prog_AWK=gawk
ac_cv_prog_CPP='x86_64-linux-gnu-gcc -pthread -E'
ac_cv_prog_CXXCPP='x86_64-linux-gnu-g++ -pthread -E'
ac_cv_prog_ac_ct_AR=ar
ac_cv_prog_ac_ct_CC='x86_64-linux-gnu-gcc -pthread'
ac_cv_prog_ac_ct_MANIFEST_TOOL=mt
ac_cv_prog_ac_ct_OBJDUMP=objdump
ac_cv_prog_ac_ct_RANLIB=ranlib
ac_cv_prog_ac_ct_STRIP=strip
ac_cv_prog_c_openmp=-fopenmp
ac_cv_prog_cc_c89=
ac_cv_prog_cc_c99=
ac_cv_prog_cc_g=yes
ac_cv_prog_cxx_g=yes
ac_cv_prog_cxx_openmp='none needed'
ac_cv_prog_make_make_set=yes
am_cv_CC_dependencies_compiler_type=gcc3
am_cv_CXX_dependencies_compiler_type=gcc3
am_cv_ar_interface=ar
am_cv_make_support_nested_variables=yes
am_cv_prog_cc_c_o=yes
ax_cv_cxx_compile_cxx11=no
ax_cv_cxx_compile_cxx11__std_gnupp11=yes
lt_cv_ar_at_file=@
lt_cv_deplibs_check_method=pass_all
lt_cv_file_magic_cmd='$MAGIC_CMD'
lt_cv_file_magic_test_file=
lt_cv_ld_reload_flag=-r
lt_cv_nm_interface='BSD nm'
lt_cv_objdir=.libs
lt_cv_path_LD=/usr/bin/ld
lt_cv_path_LDCXX='/usr/bin/ld -m elf_x86_64'
lt_cv_path_NM='/usr/bin/nm -B'
lt_cv_path_mainfest_tool=no
lt_cv_prog_compiler_c_o=yes
lt_cv_prog_compiler_c_o_CXX=yes
lt_cv_prog_compiler_pic='-fPIC -DPIC'
lt_cv_prog_compiler_pic_CXX='-fPIC -DPIC'
lt_cv_prog_compiler_pic_works=yes
lt_cv_prog_compiler_pic_works_CXX=yes
lt_cv_prog_compiler_rtti_exceptions=no
lt_cv_prog_compiler_static_works=yes
lt_cv_prog_compiler_static_works_CXX=yes
lt_cv_prog_gnu_ld=yes
lt_cv_prog_gnu_ldcxx=yes
lt_cv_sharedlib_from_linklib_cmd='printf %s\n'
lt_cv_shlibpath_overrides_runpath=no
lt_cv_sys_global_symbol_pipe='sed -n -e '\''s/^.*[	 ]\([ABCDGIRSTW][ABCDGIRSTW]*\)[	 ][	 ]*\([_A-Za-z][_A-Za-z0-9]*\)$/\1 \2 \2/p'\'' | sed '\''/ __gnu_lto/d'\'''
lt_cv_sys_global_symbol_to_c_name_address='sed -n -e '\''s/^: \(.*\) .*$/  {"\1", (void *) 0},/p'\'' -e '\''s/^[ABCDGIRSTW][ABCDGIRSTW]* .* \(.*\)$/  {"\1", (void *) \&\1},/p'\'''
lt_cv_sys_global_symbol_to_c_name_address_lib_prefix='sed -n -e '\''s/^: \(.*\) .*$/  {"\1", (void *) 0},/p'\'' -e '\''s/^[ABCDGIRSTW][ABCDGIRSTW]* .* \(lib.*\)$/  {"\1", (void *) \&\1},/p'\'' -e '\''s/^[ABCDGIRSTW][ABCDGIRSTW]* .* \(.*\)$/  {"lib\1", (void *) \&\1},/p'\'''
lt_cv_sys_global_symbol_to_cdecl='sed -n -e '\''s/^T .* \(.*\)$/extern int \1();/p'\'' -e '\''s/^[ABCDGIRSTW][ABCDGIRSTW]* .* \(.*\)$/extern char \1;/p'\'''
lt_cv_sys_global_symbol_to_import=
lt_cv_sys_max_cmd_len=1572864
lt_cv_to_host_file_cmd=func_convert_file_noop
lt_cv_to_tool_file_cmd=func_convert_file_noop
lt_cv_truncate_bin='/bin/dd bs=4096 count=1'
pkg_cv_CFITSIO_CFLAGS=-I/home/zonca/zonca/p/software/healpy/build/temp.linux-x86_64-3.7/include
pkg_cv_CFITSIO_LIBS='-L/home/zonca/zonca/p/software/healpy/build/temp.linux-x86_64-3.7/lib -lcfitsio'

## ----------------- ##
## Output variables. ##
## ----------------- ##

ACLOCAL='${SHELL} /home/zonca/zonca/p/software/healpy/healpixsubmodule/src/cxx/missing aclocal-1.16'
AMDEPBACKSLASH='\'
AMDEP_FALSE='#'
AMDEP_TRUE=''
AMTAR='$${TAR-tar}'
AM_BACKSLASH='\'
AM_DEFAULT_V='$(AM_DEFAULT_VERBOSITY)'
AM_DEFAULT_VERBOSITY='0'
AM_V='$(V)'
AR='ar'
AUTOCONF='${SHELL} /home/zonca/zonca/p/software/healpy/healpixsubmodule/src/cxx/missing autoconf'
AUTOHEADER='${SHELL} /home/zonca/zonca/p/software/healpy/healpixsubmodule/src/cxx/missing autoheader'
AUTOMAKE='${SHELL} /home/zonca/zonca/p/software/healpy/healpixsubmodule/src/cxx/missing automake-1.16'
AWK='gawk'
CC='x86_64-linux-gnu-gcc -pthread'
CCDEPMODE='depmode=gcc3'
CFITSIO_CFLAGS='-I/home/zonca/zonca/p/software/healpy/build/temp.linux-x86_64-3.7/include'
CFITSIO_LIBS='-L/home/zonca/zonca/p/software/healpy/build/temp.linux-x86_64-3.7/lib -lcfitsio -lm'
CFLAGS='-Wno-unused-result -Wsign-compare -DNDEBUG -g -fwrapv -O2 -Wall -g -fstack-protector-strong -Wformat -Werror=format-security -fopenmp -I/home/zonca/zonca/p/software/healpy/build/temp.linux-x86_64-3.7/include'
CPP='x86_64-linux-gnu-gcc -pthread -E'
CPPFLAGS=' -fopenmp'
CXX='x86_64-linux-gnu-g++ -pthread -std=gnu++11'
CXXCPP='x86_64-linux-gnu-g++ -pthread -E -std=gnu++11'
CXXDEPMODE='depmode=gcc3'
CXXFLAGS='-Wno-unused-result -Wsign-compare -DNDEBUG -g -fwrapv -O2 -Wall -g -fstack-protector-strong -Wformat -Werror=format-security -fopenmp'
CYGPATH_W='echo'
DEFS=''
DEPDIR='.deps'
DLLTOOL='false'
DSYMUTIL=''
DUMPBIN=''
ECHO_C=''
ECHO_N='-n'
ECHO_T=''
EGREP='/bin/grep -E'
EXEEXT=''
FGREP='/bin/grep -F'
GREP='/bin/grep'
HAVE_CXX11='1'
INSTALL_DATA='${INSTALL} -m 644'
INSTALL_PROGRAM='${INSTALL}'
INSTALL_SCRIPT='${INSTALL}'
INSTALL_STRIP_PROGRAM='$(install_sh) -c -s'
LD='/usr/bin/ld -m elf_x86_64'
LDFLAGS=''
LIBOBJS=''
LIBS=' -L/home/zonca/zonca/p/software/healpy/build/temp.linux-x86_64-3.7/lib -lcfitsio -lm'
LIBTOOL='$(SHELL) $(top_builddir)/libtool'
LIPO=''
LN_S='ln -s'
LTLIBOBJS=''
LT_SYS_LIBRARY_PATH=''
MAINT='#'
MAINTAINER_MODE_FALSE=''
MAINTAINER_MODE_TRUE='#'
MAKEINFO='${SHELL} /home/zonca/zonca/p/software/healpy/healpixsubmodule/src/cxx/missing makeinfo'
MANIFEST_TOOL=':'
MKDIR_P='/bin/mkdir -p'
NM='/usr/bin/nm -B'
NMEDIT=''
OBJDUMP='objdump'
OBJEXT='o'
OPENMP_CFLAGS='-fopenmp'
OPENMP_CXXFLAGS=''
OTOOL64=''
OTOOL=''
PACKAGE='healpix_cxx'
PACKAGE_BUGREPORT=''
PACKAGE_NAME='healpix_cxx'
PACKAGE_STRING='healpix_cxx 3.60.0'
PACKAGE_TARNAME='healpix_cxx'
PACKAGE_URL=''
PACKAGE_VERSION='3.60.0'
PATH_SEPARATOR=':'
PKG_CONFIG='pkg-config'
PKG_CONFIG_LIBDIR=''
PKG_CONFIG_PATH='/home/zonca/zonca/p/software/healpy/build/temp.linux-x86_64-3.7/lib64/pkgconfig:/home/zonca/zonca/p/software/healpy/build/temp.linux-x86_64-3.7/lib/pkgconfig'
RANLIB='ranlib'
SED='/bin/sed'
SET_MAKE=''
SHARP_CFLAGS=''
SHARP_LIBS=''
SHELL='/bin/bash'
STRIP='strip'
VERSION='3.60.0'
ac_ct_AR='ar'
ac_ct_CC='x86_64-linux-gnu-gcc -pthread'
ac_ct_CXX=''
ac_ct_DUMPBIN=''
am__EXEEXT_FALSE=''
am__EXEEXT_TRUE=''
am__fastdepCC_FALSE='#'
am__fastdepCC_TRUE=''
am__fastdepCXX_FALSE='#'
am__fastdepCXX_TRUE=''
am__include='include'
am__isrc=' -I$(srcdir)'
am__leading_dot='.'
am__nodep='_no'
am__quote=''
am__tar='$${TAR-tar} chof - "$$tardir"'
am__untar='$${TAR-tar} xf -'
bindir='${exec_prefix}/bin'
build='x86_64-pc-linux-gnu'
build_alias=''
build_cpu='x86_64'
build_os='linux-gnu'
build_vendor='pc'
datadir='${datarootdir}'
datarootdir='${prefix}/share'
docdir='${datarootdir}/doc/${PACKAGE_TARNAME}'
dvidir='${docdir}'
exec_prefix='NONE'
host='x86_64-pc-linux-gnu'
host_alias=''
host_cpu='x86_64'
host_os='linux-gnu'
host_vendor='pc'
htmldir='${docdir}'
includedir='${prefix}/include/healpix_cxx'
infodir='${datarootdir}/info'
install_sh='${SHELL} /home/zonca/zonca/p/software/healpy/healpixsubmodule/src/cxx/install-sh'
libdir='${exec_prefix}/lib'
libexecdir='${exec_prefix}/libexec'
localedir='${datarootdir}/locale'
localstatedir='${prefix}/var'
mandir='${datarootdir}/man'
mkdir_p='$(MKDIR_P)'
oldincludedir='/usr/include'
pdfdir='${docdir}'
pkgconfig_libdir=''
pkgconfig_libfile=''
prefix='/home/zonca/zonca/p/software/healpy/build/temp.linux-x86_64-3.7'
program_transform_name='s,x,x,'
psdir='${docdir}'
sbindir='${exec_prefix}/sbin'
sharedstatedir='${prefix}/com'
sysconfdir='${prefix}/etc'
target_alias=''

## ----------- ##
## confdefs.h. ##
## ----------- ##

/* confdefs.h */
#define PACKAGE_NAME "healpix_cxx"
#define PACKAGE_TARNAME "healpix_cxx"
#define PACKAGE_VERSION "3.60.0"
#define PACKAGE_STRING "healpix_cxx 3.60.0"
#define PACKAGE_BUGREPORT ""
#define PACKAGE_URL ""
#define PACKAGE "healpix_cxx"
#define VERSION "3.60.0"
#define STDC_HEADERS 1
#define HAVE_SYS_TYPES_H 1
#define HAVE_SYS_STAT_H 1
#define HAVE_STDLIB_H 1
#define HAVE_STRING_H 1
#define HAVE_MEMORY_H 1
#define HAVE_STRINGS_H 1
#define HAVE_INTTYPES_H 1
#define HAVE_STDINT_H 1
#define HAVE_UNISTD_H 1
#define HAVE_DLFCN_H 1
#define LT_OBJDIR ".libs/"
#define HAVE_CXX11 1

configure: exit 1
